{"C:\\Users\\User\\Desktop\\Sistema Biblioteca\\client\\src\\router\\index.js": {"path":"C:\\Users\\User\\Desktop\\Sistema Biblioteca\\client\\src\\router\\index.js","statementMap":{"0":{"start":{"line":4,"column":22},"end":{"line":4,"column":null}},"1":{"start":{"line":4,"column":28},"end":{"line":4,"column":null}},"2":{"start":{"line":5,"column":22},"end":{"line":5,"column":null}},"3":{"start":{"line":5,"column":28},"end":{"line":5,"column":null}},"4":{"start":{"line":6,"column":22},"end":{"line":6,"column":null}},"5":{"start":{"line":6,"column":28},"end":{"line":6,"column":null}},"6":{"start":{"line":7,"column":22},"end":{"line":7,"column":null}},"7":{"start":{"line":7,"column":28},"end":{"line":7,"column":null}},"8":{"start":{"line":8,"column":23},"end":{"line":8,"column":null}},"9":{"start":{"line":8,"column":29},"end":{"line":8,"column":null}},"10":{"start":{"line":9,"column":22},"end":{"line":9,"column":null}},"11":{"start":{"line":9,"column":28},"end":{"line":9,"column":null}},"12":{"start":{"line":10,"column":22},"end":{"line":10,"column":null}},"13":{"start":{"line":10,"column":28},"end":{"line":10,"column":null}},"14":{"start":{"line":11,"column":22},"end":{"line":11,"column":null}},"15":{"start":{"line":11,"column":28},"end":{"line":11,"column":null}},"16":{"start":{"line":13,"column":14},"end":{"line":69,"column":null}},"17":{"start":{"line":72,"column":31},"end":{"line":86,"column":null}},"18":{"start":{"line":73,"column":14},"end":{"line":73,"column":null}},"19":{"start":{"line":75,"column":2},"end":{"line":77,"column":null}},"20":{"start":{"line":76,"column":4},"end":{"line":76,"column":null}},"21":{"start":{"line":79,"column":2},"end":{"line":81,"column":null}},"22":{"start":{"line":80,"column":4},"end":{"line":80,"column":null}},"23":{"start":{"line":83,"column":2},"end":{"line":85,"column":null}},"24":{"start":{"line":84,"column":4},"end":{"line":84,"column":null}},"25":{"start":{"line":88,"column":0},"end":{"line":88,"column":null}}},"fnMap":{"0":{"name":"(anonymous_0)","decl":{"start":{"line":4,"column":22},"end":{"line":4,"column":23}},"loc":{"start":{"line":4,"column":28},"end":{"line":4,"column":null}},"line":4},"1":{"name":"(anonymous_1)","decl":{"start":{"line":5,"column":22},"end":{"line":5,"column":23}},"loc":{"start":{"line":5,"column":28},"end":{"line":5,"column":null}},"line":5},"2":{"name":"(anonymous_2)","decl":{"start":{"line":6,"column":22},"end":{"line":6,"column":23}},"loc":{"start":{"line":6,"column":28},"end":{"line":6,"column":null}},"line":6},"3":{"name":"(anonymous_3)","decl":{"start":{"line":7,"column":22},"end":{"line":7,"column":23}},"loc":{"start":{"line":7,"column":28},"end":{"line":7,"column":null}},"line":7},"4":{"name":"(anonymous_4)","decl":{"start":{"line":8,"column":23},"end":{"line":8,"column":24}},"loc":{"start":{"line":8,"column":29},"end":{"line":8,"column":null}},"line":8},"5":{"name":"(anonymous_5)","decl":{"start":{"line":9,"column":22},"end":{"line":9,"column":23}},"loc":{"start":{"line":9,"column":28},"end":{"line":9,"column":null}},"line":9},"6":{"name":"(anonymous_6)","decl":{"start":{"line":10,"column":22},"end":{"line":10,"column":23}},"loc":{"start":{"line":10,"column":28},"end":{"line":10,"column":null}},"line":10},"7":{"name":"(anonymous_7)","decl":{"start":{"line":11,"column":22},"end":{"line":11,"column":23}},"loc":{"start":{"line":11,"column":28},"end":{"line":11,"column":null}},"line":11},"8":{"name":"(anonymous_8)","decl":{"start":{"line":72,"column":31},"end":{"line":72,"column":32}},"loc":{"start":{"line":72,"column":39},"end":{"line":86,"column":null}},"line":72}},"branchMap":{"0":{"loc":{"start":{"line":75,"column":2},"end":{"line":77,"column":null}},"type":"if","locations":[{"start":{"line":75,"column":2},"end":{"line":77,"column":null}},{"start":{},"end":{}}],"line":75},"1":{"loc":{"start":{"line":75,"column":6},"end":{"line":75,"column":46}},"type":"binary-expr","locations":[{"start":{"line":75,"column":6},"end":{"line":75,"column":21}},{"start":{"line":75,"column":25},"end":{"line":75,"column":46}}],"line":75},"2":{"loc":{"start":{"line":79,"column":2},"end":{"line":81,"column":null}},"type":"if","locations":[{"start":{"line":79,"column":2},"end":{"line":81,"column":null}},{"start":{},"end":{}}],"line":79},"3":{"loc":{"start":{"line":79,"column":6},"end":{"line":79,"column":49}},"type":"binary-expr","locations":[{"start":{"line":79,"column":6},"end":{"line":79,"column":25}},{"start":{"line":79,"column":29},"end":{"line":79,"column":49}}],"line":79},"4":{"loc":{"start":{"line":83,"column":2},"end":{"line":85,"column":null}},"type":"if","locations":[{"start":{"line":83,"column":2},"end":{"line":85,"column":null}},{"start":{},"end":{}}],"line":83},"5":{"loc":{"start":{"line":83,"column":6},"end":{"line":83,"column":44}},"type":"binary-expr","locations":[{"start":{"line":83,"column":6},"end":{"line":83,"column":27}},{"start":{"line":83,"column":31},"end":{"line":83,"column":44}}],"line":83}},"s":{"0":3,"1":0,"2":3,"3":0,"4":3,"5":0,"6":3,"7":0,"8":3,"9":0,"10":3,"11":0,"12":3,"13":0,"14":3,"15":0,"16":3,"17":3,"18":5,"19":5,"20":1,"21":4,"22":1,"23":3,"24":1,"25":3},"f":{"0":0,"1":0,"2":0,"3":0,"4":0,"5":0,"6":0,"7":0,"8":5},"b":{"0":[1,4],"1":[5,3],"2":[1,3],"3":[4,1],"4":[1,2],"5":[3,2]},"meta":{"lastBranch":6,"lastFunction":9,"lastStatement":26,"seen":{"s:4:22:4:Infinity":0,"f:4:22:4:23":0,"s:4:28:4:Infinity":1,"s:5:22:5:Infinity":2,"f:5:22:5:23":1,"s:5:28:5:Infinity":3,"s:6:22:6:Infinity":4,"f:6:22:6:23":2,"s:6:28:6:Infinity":5,"s:7:22:7:Infinity":6,"f:7:22:7:23":3,"s:7:28:7:Infinity":7,"s:8:23:8:Infinity":8,"f:8:23:8:24":4,"s:8:29:8:Infinity":9,"s:9:22:9:Infinity":10,"f:9:22:9:23":5,"s:9:28:9:Infinity":11,"s:10:22:10:Infinity":12,"f:10:22:10:23":6,"s:10:28:10:Infinity":13,"s:11:22:11:Infinity":14,"f:11:22:11:23":7,"s:11:28:11:Infinity":15,"s:13:14:69:Infinity":16,"s:72:31:86:Infinity":17,"f:72:31:72:32":8,"s:73:14:73:Infinity":18,"b:75:2:77:Infinity:undefined:undefined:undefined:undefined":0,"s:75:2:77:Infinity":19,"b:75:6:75:21:75:25:75:46":1,"s:76:4:76:Infinity":20,"b:79:2:81:Infinity:undefined:undefined:undefined:undefined":2,"s:79:2:81:Infinity":21,"b:79:6:79:25:79:29:79:49":3,"s:80:4:80:Infinity":22,"b:83:2:85:Infinity:undefined:undefined:undefined:undefined":4,"s:83:2:85:Infinity":23,"b:83:6:83:27:83:31:83:44":5,"s:84:4:84:Infinity":24,"s:88:0:88:Infinity":25}}}
,"C:\\Users\\User\\Desktop\\Sistema Biblioteca\\client\\src\\services\\api.js": {"path":"C:\\Users\\User\\Desktop\\Sistema Biblioteca\\client\\src\\services\\api.js","statementMap":{"0":{"start":{"line":5,"column":12},"end":{"line":12,"column":null}},"1":{"start":{"line":15,"column":0},"end":{"line":24,"column":null}},"2":{"start":{"line":17,"column":16},"end":{"line":17,"column":null}},"3":{"start":{"line":18,"column":4},"end":{"line":20,"column":null}},"4":{"start":{"line":19,"column":6},"end":{"line":19,"column":null}},"5":{"start":{"line":21,"column":4},"end":{"line":21,"column":null}},"6":{"start":{"line":23,"column":13},"end":{"line":23,"column":34}},"7":{"start":{"line":27,"column":0},"end":{"line":37,"column":null}},"8":{"start":{"line":28,"column":16},"end":{"line":28,"column":24}},"9":{"start":{"line":30,"column":4},"end":{"line":34,"column":null}},"10":{"start":{"line":31,"column":18},"end":{"line":31,"column":null}},"11":{"start":{"line":32,"column":6},"end":{"line":32,"column":null}},"12":{"start":{"line":33,"column":6},"end":{"line":33,"column":null}},"13":{"start":{"line":35,"column":4},"end":{"line":35,"column":null}}},"fnMap":{"0":{"name":"(anonymous_0)","decl":{"start":{"line":16,"column":2},"end":{"line":16,"column":3}},"loc":{"start":{"line":16,"column":14},"end":{"line":22,"column":3}},"line":16},"1":{"name":"(anonymous_1)","decl":{"start":{"line":23,"column":2},"end":{"line":23,"column":3}},"loc":{"start":{"line":23,"column":13},"end":{"line":23,"column":34}},"line":23},"2":{"name":"(anonymous_2)","decl":{"start":{"line":28,"column":2},"end":{"line":28,"column":3}},"loc":{"start":{"line":28,"column":16},"end":{"line":28,"column":24}},"line":28},"3":{"name":"(anonymous_3)","decl":{"start":{"line":29,"column":2},"end":{"line":29,"column":7}},"loc":{"start":{"line":29,"column":19},"end":{"line":36,"column":3}},"line":29}},"branchMap":{"0":{"loc":{"start":{"line":6,"column":11},"end":{"line":6,"column":70}},"type":"binary-expr","locations":[{"start":{"line":6,"column":11},"end":{"line":6,"column":39}},{"start":{"line":6,"column":43},"end":{"line":6,"column":70}}],"line":6},"1":{"loc":{"start":{"line":18,"column":4},"end":{"line":20,"column":null}},"type":"if","locations":[{"start":{"line":18,"column":4},"end":{"line":20,"column":null}},{"start":{},"end":{}}],"line":18},"2":{"loc":{"start":{"line":30,"column":4},"end":{"line":34,"column":null}},"type":"if","locations":[{"start":{"line":30,"column":4},"end":{"line":34,"column":null}},{"start":{},"end":{}}],"line":30}},"s":{"0":3,"1":3,"2":2,"3":2,"4":1,"5":2,"6":0,"7":3,"8":0,"9":2,"10":1,"11":1,"12":1,"13":2},"f":{"0":2,"1":0,"2":0,"3":2},"b":{"0":[3,0],"1":[1,1],"2":[1,1]},"meta":{"lastBranch":3,"lastFunction":4,"lastStatement":14,"seen":{"s:5:12:12:Infinity":0,"b:6:11:6:39:6:43:6:70":0,"s:15:0:24:Infinity":1,"f:16:2:16:3":0,"s:17:16:17:Infinity":2,"b:18:4:20:Infinity:undefined:undefined:undefined:undefined":1,"s:18:4:20:Infinity":3,"s:19:6:19:Infinity":4,"s:21:4:21:Infinity":5,"f:23:2:23:3":1,"s:23:13:23:34":6,"s:27:0:37:Infinity":7,"f:28:2:28:3":2,"s:28:16:28:24":8,"f:29:2:29:7":3,"b:30:4:34:Infinity:undefined:undefined:undefined:undefined":2,"s:30:4:34:Infinity":9,"s:31:18:31:Infinity":10,"s:32:6:32:Infinity":11,"s:33:6:33:Infinity":12,"s:35:4:35:Infinity":13}}}
,"C:\\Users\\User\\Desktop\\Sistema Biblioteca\\client\\src\\services\\authService.js": {"path":"C:\\Users\\User\\Desktop\\Sistema Biblioteca\\client\\src\\services\\authService.js","statementMap":{"0":{"start":{"line":3,"column":27},"end":{"line":7,"column":null}},"1":{"start":{"line":4,"column":26},"end":{"line":4,"column":62}},"2":{"start":{"line":5,"column":16},"end":{"line":5,"column":40}},"3":{"start":{"line":6,"column":12},"end":{"line":6,"column":31}}},"fnMap":{"0":{"name":"(anonymous_0)","decl":{"start":{"line":4,"column":9},"end":{"line":4,"column":10}},"loc":{"start":{"line":4,"column":26},"end":{"line":4,"column":62}},"line":4},"1":{"name":"(anonymous_1)","decl":{"start":{"line":5,"column":10},"end":{"line":5,"column":11}},"loc":{"start":{"line":5,"column":16},"end":{"line":5,"column":40}},"line":5},"2":{"name":"(anonymous_2)","decl":{"start":{"line":6,"column":6},"end":{"line":6,"column":7}},"loc":{"start":{"line":6,"column":12},"end":{"line":6,"column":31}},"line":6}},"branchMap":{},"s":{"0":4,"1":1,"2":1,"3":1},"f":{"0":1,"1":1,"2":1},"b":{},"meta":{"lastBranch":0,"lastFunction":3,"lastStatement":4,"seen":{"s:3:27:7:Infinity":0,"f:4:9:4:10":0,"s:4:26:4:62":1,"f:5:10:5:11":1,"s:5:16:5:40":2,"f:6:6:6:7":2,"s:6:12:6:31":3}}}
,"C:\\Users\\User\\Desktop\\Sistema Biblioteca\\client\\src\\store\\auth.js": {"path":"C:\\Users\\User\\Desktop\\Sistema Biblioteca\\client\\src\\store\\auth.js","statementMap":{"0":{"start":{"line":5,"column":27},"end":{"line":52,"column":null}},"1":{"start":{"line":6,"column":15},"end":{"line":6,"column":null}},"2":{"start":{"line":7,"column":15},"end":{"line":7,"column":null}},"3":{"start":{"line":9,"column":25},"end":{"line":9,"column":null}},"4":{"start":{"line":9,"column":41},"end":{"line":9,"column":54}},"5":{"start":{"line":10,"column":25},"end":{"line":10,"column":null}},"6":{"start":{"line":10,"column":41},"end":{"line":10,"column":69}},"7":{"start":{"line":11,"column":25},"end":{"line":11,"column":null}},"8":{"start":{"line":11,"column":41},"end":{"line":11,"column":94}},"9":{"start":{"line":14,"column":4},"end":{"line":14,"column":null}},"10":{"start":{"line":15,"column":4},"end":{"line":15,"column":null}},"11":{"start":{"line":16,"column":4},"end":{"line":16,"column":null}},"12":{"start":{"line":17,"column":4},"end":{"line":17,"column":null}},"13":{"start":{"line":21,"column":4},"end":{"line":21,"column":null}},"14":{"start":{"line":22,"column":4},"end":{"line":22,"column":null}},"15":{"start":{"line":23,"column":4},"end":{"line":23,"column":null}},"16":{"start":{"line":24,"column":4},"end":{"line":24,"column":null}},"17":{"start":{"line":28,"column":21},"end":{"line":28,"column":null}},"18":{"start":{"line":29,"column":4},"end":{"line":29,"column":null}},"19":{"start":{"line":30,"column":4},"end":{"line":30,"column":null}},"20":{"start":{"line":34,"column":4},"end":{"line":38,"column":null}},"21":{"start":{"line":35,"column":6},"end":{"line":35,"column":null}},"22":{"start":{"line":37,"column":6},"end":{"line":37,"column":null}},"23":{"start":{"line":42,"column":21},"end":{"line":42,"column":null}},"24":{"start":{"line":43,"column":4},"end":{"line":43,"column":null}},"25":{"start":{"line":44,"column":4},"end":{"line":44,"column":null}},"26":{"start":{"line":47,"column":2},"end":{"line":51,"column":null}}},"fnMap":{"0":{"name":"(anonymous_0)","decl":{"start":{"line":5,"column":48},"end":{"line":5,"column":49}},"loc":{"start":{"line":5,"column":54},"end":{"line":52,"column":1}},"line":5},"1":{"name":"(anonymous_1)","decl":{"start":{"line":9,"column":35},"end":{"line":9,"column":36}},"loc":{"start":{"line":9,"column":41},"end":{"line":9,"column":54}},"line":9},"2":{"name":"(anonymous_2)","decl":{"start":{"line":10,"column":35},"end":{"line":10,"column":36}},"loc":{"start":{"line":10,"column":41},"end":{"line":10,"column":69}},"line":10},"3":{"name":"(anonymous_3)","decl":{"start":{"line":11,"column":35},"end":{"line":11,"column":36}},"loc":{"start":{"line":11,"column":41},"end":{"line":11,"column":94}},"line":11},"4":{"name":"setSession","decl":{"start":{"line":13,"column":11},"end":{"line":13,"column":21}},"loc":{"start":{"line":13,"column":28},"end":{"line":18,"column":null}},"line":13},"5":{"name":"clearSession","decl":{"start":{"line":20,"column":11},"end":{"line":20,"column":23}},"loc":{"start":{"line":20,"column":26},"end":{"line":25,"column":null}},"line":20},"6":{"name":"login","decl":{"start":{"line":27,"column":17},"end":{"line":27,"column":22}},"loc":{"start":{"line":27,"column":36},"end":{"line":31,"column":null}},"line":27},"7":{"name":"logout","decl":{"start":{"line":33,"column":17},"end":{"line":33,"column":23}},"loc":{"start":{"line":33,"column":26},"end":{"line":39,"column":null}},"line":33},"8":{"name":"fetchMe","decl":{"start":{"line":41,"column":17},"end":{"line":41,"column":24}},"loc":{"start":{"line":41,"column":27},"end":{"line":45,"column":null}},"line":41}},"branchMap":{"0":{"loc":{"start":{"line":6,"column":20},"end":{"line":6,"column":68}},"type":"binary-expr","locations":[{"start":{"line":6,"column":20},"end":{"line":6,"column":60}},{"start":{"line":6,"column":64},"end":{"line":6,"column":68}}],"line":6},"1":{"loc":{"start":{"line":7,"column":31},"end":{"line":7,"column":80}},"type":"binary-expr","locations":[{"start":{"line":7,"column":31},"end":{"line":7,"column":70}},{"start":{"line":7,"column":74},"end":{"line":7,"column":80}}],"line":7}},"s":{"0":4,"1":18,"2":18,"3":18,"4":6,"5":18,"6":3,"7":18,"8":0,"9":3,"10":3,"11":3,"12":3,"13":2,"14":2,"15":2,"16":2,"17":1,"18":1,"19":1,"20":1,"21":1,"22":1,"23":1,"24":1,"25":1,"26":18},"f":{"0":18,"1":6,"2":3,"3":0,"4":3,"5":2,"6":1,"7":1,"8":1},"b":{"0":[18,18],"1":[18,18]},"meta":{"lastBranch":2,"lastFunction":9,"lastStatement":27,"seen":{"s:5:27:52:Infinity":0,"f:5:48:5:49":0,"s:6:15:6:Infinity":1,"b:6:20:6:60:6:64:6:68":0,"s:7:15:7:Infinity":2,"b:7:31:7:70:7:74:7:80":1,"s:9:25:9:Infinity":3,"f:9:35:9:36":1,"s:9:41:9:54":4,"s:10:25:10:Infinity":5,"f:10:35:10:36":2,"s:10:41:10:69":6,"s:11:25:11:Infinity":7,"f:11:35:11:36":3,"s:11:41:11:94":8,"f:13:11:13:21":4,"s:14:4:14:Infinity":9,"s:15:4:15:Infinity":10,"s:16:4:16:Infinity":11,"s:17:4:17:Infinity":12,"f:20:11:20:23":5,"s:21:4:21:Infinity":13,"s:22:4:22:Infinity":14,"s:23:4:23:Infinity":15,"s:24:4:24:Infinity":16,"f:27:17:27:22":6,"s:28:21:28:Infinity":17,"s:29:4:29:Infinity":18,"s:30:4:30:Infinity":19,"f:33:17:33:23":7,"s:34:4:38:Infinity":20,"s:35:6:35:Infinity":21,"s:37:6:37:Infinity":22,"f:41:17:41:24":8,"s:42:21:42:Infinity":23,"s:43:4:43:Infinity":24,"s:44:4:44:Infinity":25,"s:47:2:51:Infinity":26}}}
,"C:\\Users\\User\\Desktop\\Sistema Biblioteca\\client\\src\\views\\LoginView.vue": {"path":"C:\\Users\\User\\Desktop\\Sistema Biblioteca\\client\\src\\views\\LoginView.vue","statementMap":{"0":{"start":{"line":112,"column":14},"end":{"line":112,"column":null}},"1":{"start":{"line":113,"column":14},"end":{"line":113,"column":null}},"2":{"start":{"line":114,"column":14},"end":{"line":114,"column":null}},"3":{"start":{"line":116,"column":12},"end":{"line":116,"column":null}},"4":{"start":{"line":117,"column":14},"end":{"line":117,"column":null}},"5":{"start":{"line":118,"column":19},"end":{"line":118,"column":null}},"6":{"start":{"line":119,"column":19},"end":{"line":119,"column":null}},"7":{"start":{"line":120,"column":20},"end":{"line":120,"column":null}},"8":{"start":{"line":121,"column":13},"end":{"line":121,"column":null}},"9":{"start":{"line":124,"column":2},"end":{"line":124,"column":null}},"10":{"start":{"line":125,"column":2},"end":{"line":125,"column":null}},"11":{"start":{"line":126,"column":2},"end":{"line":126,"column":null}},"12":{"start":{"line":128,"column":2},"end":{"line":128,"column":null}},"13":{"start":{"line":128,"column":24},"end":{"line":128,"column":68}},"14":{"start":{"line":128,"column":69},"end":{"line":128,"column":75}},"15":{"start":{"line":129,"column":2},"end":{"line":129,"column":null}},"16":{"start":{"line":129,"column":24},"end":{"line":129,"column":72}},"17":{"start":{"line":129,"column":73},"end":{"line":129,"column":79}},"18":{"start":{"line":131,"column":2},"end":{"line":131,"column":null}},"19":{"start":{"line":132,"column":2},"end":{"line":140,"column":null}},"20":{"start":{"line":133,"column":4},"end":{"line":133,"column":null}},"21":{"start":{"line":134,"column":21},"end":{"line":134,"column":null}},"22":{"start":{"line":135,"column":4},"end":{"line":135,"column":null}},"23":{"start":{"line":137,"column":4},"end":{"line":137,"column":null}},"24":{"start":{"line":139,"column":4},"end":{"line":139,"column":null}},"25":{"start":{"line":2,"column":7},"end":{"line":2,"column":null}},"26":{"start":{"line":4,"column":9},"end":{"line":4,"column":null}},"27":{"start":{"line":5,"column":11},"end":{"line":5,"column":null}},"28":{"start":{"line":6,"column":13},"end":{"line":6,"column":null}},"29":{"start":{"line":12,"column":13},"end":{"line":12,"column":null}},"30":{"start":{"line":13,"column":15},"end":{"line":13,"column":null}},"31":{"start":{"line":17,"column":15},"end":{"line":17,"column":null}},"32":{"start":{"line":21,"column":15},"end":{"line":21,"column":null}},"33":{"start":{"line":31,"column":9},"end":{"line":31,"column":null}},"34":{"start":{"line":32,"column":11},"end":{"line":32,"column":null}},"35":{"start":{"line":39,"column":15},"end":{"line":39,"column":null}},"36":{"start":{"line":41,"column":17},"end":{"line":41,"column":null}},"37":{"start":{"line":42,"column":20},"end":{"line":42,"column":39}},"38":{"start":{"line":57,"column":15},"end":{"line":57,"column":null}},"39":{"start":{"line":59,"column":17},"end":{"line":59,"column":null}},"40":{"start":{"line":60,"column":20},"end":{"line":60,"column":39}},"41":{"start":{"line":102,"column":9},"end":{"line":102,"column":35}},"42":{"start":{"line":2,"column":2},"end":{"line":102,"column":84}},"43":{"start":{"line":45,"column":25},"end":{"line":45,"column":null}},"44":{"start":{"line":63,"column":25},"end":{"line":63,"column":null}},"45":{"start":{"line":74,"column":24},"end":{"line":74,"column":52}}},"fnMap":{"0":{"name":"handleLogin","decl":{"start":{"line":123,"column":15},"end":{"line":123,"column":26}},"loc":{"start":{"line":123,"column":29},"end":{"line":141,"column":null}},"line":123},"1":{"name":"(anonymous_1)","decl":{"start":{"line":45,"column":25},"end":{"line":45,"column":29}},"loc":{"start":{"line":45,"column":25},"end":{"line":45,"column":null}},"line":45},"2":{"name":"(anonymous_2)","decl":{"start":{"line":63,"column":25},"end":{"line":63,"column":29}},"loc":{"start":{"line":63,"column":25},"end":{"line":63,"column":null}},"line":63},"3":{"name":"(anonymous_3)","decl":{"start":{"line":74,"column":22},"end":{"line":74,"column":24}},"loc":{"start":{"line":74,"column":24},"end":{"line":74,"column":52}},"line":74}},"branchMap":{"0":{"loc":{"start":{"line":128,"column":2},"end":{"line":128,"column":null}},"type":"if","locations":[{"start":{"line":128,"column":2},"end":{"line":128,"column":null}},{"start":{},"end":{}}],"line":128},"1":{"loc":{"start":{"line":129,"column":2},"end":{"line":129,"column":null}},"type":"if","locations":[{"start":{"line":129,"column":2},"end":{"line":129,"column":null}},{"start":{},"end":{}}],"line":129},"2":{"loc":{"start":{"line":134,"column":21},"end":{"line":134,"column":null}},"type":"binary-expr","locations":[{"start":{"line":134,"column":21},"end":{"line":134,"column":41}},{"start":{"line":134,"column":45},"end":{"line":134,"column":null}}],"line":134},"3":{"loc":{"start":{"line":137,"column":24},"end":{"line":137,"column":null}},"type":"binary-expr","locations":[{"start":{"line":137,"column":24},"end":{"line":137,"column":51}},{"start":{"line":137,"column":55},"end":{"line":137,"column":null}}],"line":137},"4":{"loc":{"start":{"line":9,"column":8},"end":{"line":9,"column":35}},"type":"binary-expr","locations":[{"start":{"line":9,"column":8},"end":{"line":9,"column":12}},{"start":{"line":9,"column":8},"end":{"line":9,"column":35}}],"line":9},"5":{"loc":{"start":{"line":10,"column":8},"end":{"line":10,"column":89}},"type":"binary-expr","locations":[{"start":{"line":10,"column":8},"end":{"line":10,"column":11}},{"start":{"line":10,"column":8},"end":{"line":10,"column":89}}],"line":10},"6":{"loc":{"start":{"line":15,"column":12},"end":{"line":15,"column":52}},"type":"binary-expr","locations":[{"start":{"line":15,"column":12},"end":{"line":15,"column":18}},{"start":{"line":15,"column":12},"end":{"line":15,"column":52}}],"line":15},"7":{"loc":{"start":{"line":19,"column":12},"end":{"line":19,"column":60}},"type":"binary-expr","locations":[{"start":{"line":19,"column":12},"end":{"line":19,"column":18}},{"start":{"line":19,"column":12},"end":{"line":19,"column":60}}],"line":19},"8":{"loc":{"start":{"line":23,"column":12},"end":{"line":23,"column":45}},"type":"binary-expr","locations":[{"start":{"line":23,"column":12},"end":{"line":23,"column":18}},{"start":{"line":23,"column":12},"end":{"line":23,"column":45}}],"line":23},"9":{"loc":{"start":{"line":27,"column":6},"end":{"line":27,"column":44}},"type":"binary-expr","locations":[{"start":{"line":27,"column":6},"end":{"line":27,"column":11}},{"start":{"line":27,"column":6},"end":{"line":27,"column":44}}],"line":27},"10":{"loc":{"start":{"line":33,"column":8},"end":{"line":35,"column":56}},"type":"binary-expr","locations":[{"start":{"line":33,"column":8},"end":{"line":33,"column":13}},{"start":{"line":33,"column":8},"end":{"line":35,"column":56}}],"line":33},"11":{"loc":{"start":{"line":40,"column":12},"end":{"line":40,"column":76}},"type":"binary-expr","locations":[{"start":{"line":40,"column":12},"end":{"line":40,"column":19}},{"start":{"line":40,"column":12},"end":{"line":40,"column":76}}],"line":40},"12":{"loc":{"start":{"line":45,"column":25},"end":{"line":45,"column":null}},"type":"binary-expr","locations":[{"start":{"line":45,"column":25},"end":{"line":45,"column":29}},{"start":{"line":45,"column":25},"end":{"line":45,"column":null}}],"line":45},"13":{"loc":{"start":{"line":54,"column":24},"end":{"line":54,"column":82}},"type":"cond-expr","locations":[{"start":{"line":54,"column":12},"end":{"line":54,"column":82}}],"line":54},"14":{"loc":{"start":{"line":58,"column":12},"end":{"line":58,"column":71}},"type":"binary-expr","locations":[{"start":{"line":58,"column":12},"end":{"line":58,"column":19}},{"start":{"line":58,"column":12},"end":{"line":58,"column":71}}],"line":58},"15":{"loc":{"start":{"line":63,"column":25},"end":{"line":63,"column":null}},"type":"binary-expr","locations":[{"start":{"line":63,"column":25},"end":{"line":63,"column":29}},{"start":{"line":63,"column":25},"end":{"line":63,"column":null}}],"line":63},"16":{"loc":{"start":{"line":64,"column":23},"end":{"line":64,"column":null}},"type":"cond-expr","locations":[{"start":{"line":64,"column":35},"end":{"line":64,"column":null}},{"start":{"line":64,"column":35},"end":{"line":64,"column":null}}],"line":64},"17":{"loc":{"start":{"line":74,"column":22},"end":{"line":74,"column":null}},"type":"binary-expr","locations":[{"start":{"line":74,"column":22},"end":{"line":74,"column":24}},{"start":{"line":74,"column":22},"end":{"line":74,"column":null}}],"line":74},"18":{"loc":{"start":{"line":76,"column":42},"end":{"line":76,"column":80}},"type":"cond-expr","locations":[{"start":{"line":76,"column":54},"end":{"line":76,"column":80}},{"start":{"line":76,"column":54},"end":{"line":76,"column":80}}],"line":76},"19":{"loc":{"start":{"line":79,"column":24},"end":{"line":79,"column":88}},"type":"cond-expr","locations":[{"start":{"line":79,"column":12},"end":{"line":79,"column":88}}],"line":79},"20":{"loc":{"start":{"line":82,"column":21},"end":{"line":83,"column":null}},"type":"cond-expr","locations":[{"start":{"line":82,"column":10},"end":{"line":83,"column":null}}],"line":82},"21":{"loc":{"start":{"line":92,"column":24},"end":{"line":93,"column":51}},"type":"cond-expr","locations":[{"start":{"line":92,"column":12},"end":{"line":92,"column":null}},{"start":{"line":93,"column":12},"end":{"line":93,"column":51}}],"line":92},"22":{"loc":{"start":{"line":96,"column":10},"end":{"line":98,"column":16}},"type":"binary-expr","locations":[{"start":{"line":96,"column":10},"end":{"line":96,"column":15}},{"start":{"line":96,"column":10},"end":{"line":98,"column":16}}],"line":96}},"s":{"0":4,"1":4,"2":4,"3":4,"4":4,"5":4,"6":4,"7":4,"8":4,"9":2,"10":2,"11":2,"12":2,"13":0,"14":0,"15":2,"16":0,"17":0,"18":2,"19":2,"20":2,"21":1,"22":2,"23":1,"24":2,"25":1,"26":1,"27":1,"28":1,"29":1,"30":1,"31":1,"32":1,"33":1,"34":1,"35":1,"36":1,"37":1,"38":1,"39":1,"40":1,"41":1,"42":14,"43":2,"44":2,"45":2},"f":{"0":2,"1":2,"2":2,"3":2},"b":{"0":[0,2],"1":[0,2],"2":[1,1],"3":[1,0],"4":[14,4],"5":[14,4],"6":[14,4],"7":[14,4],"8":[14,4],"9":[14,4],"10":[14,4],"11":[14,4],"12":[14,4],"13":[0],"14":[14,4],"15":[14,4],"16":[1,13],"17":[14,4],"18":[1,13],"19":[0],"20":[1],"21":[2,12],"22":[14,4]},"meta":{"lastBranch":0,"lastFunction":0,"lastStatement":0,"seen":{}}}
}
