{"C:\\Users\\User\\Desktop\\Sistema Biblioteca\\client\\src\\assets\\readout-logo.webp": {"path":"C:\\Users\\User\\Desktop\\Sistema Biblioteca\\client\\src\\assets\\readout-logo.webp","statementMap":{},"fnMap":{},"branchMap":{},"s":{},"f":{},"b":{},"meta":{"lastBranch":0,"lastFunction":0,"lastStatement":0,"seen":{}}}
,"C:\\Users\\User\\Desktop\\Sistema Biblioteca\\client\\src\\components\\auth\\RegisterModal.vue": {"path":"C:\\Users\\User\\Desktop\\Sistema Biblioteca\\client\\src\\components\\auth\\RegisterModal.vue","statementMap":{"0":{"start":{"line":124,"column":14},"end":{"line":124,"column":null}},"1":{"start":{"line":128,"column":13},"end":{"line":128,"column":null}},"2":{"start":{"line":130,"column":14},"end":{"line":130,"column":null}},"3":{"start":{"line":131,"column":14},"end":{"line":131,"column":null}},"4":{"start":{"line":133,"column":12},"end":{"line":138,"column":null}},"5":{"start":{"line":140,"column":14},"end":{"line":145,"column":null}},"6":{"start":{"line":147,"column":19},"end":{"line":147,"column":null}},"7":{"start":{"line":148,"column":19},"end":{"line":148,"column":null}},"8":{"start":{"line":149,"column":20},"end":{"line":149,"column":null}},"9":{"start":{"line":152,"column":2},"end":{"line":152,"column":null}},"10":{"start":{"line":154,"column":2},"end":{"line":154,"column":null}},"11":{"start":{"line":155,"column":2},"end":{"line":155,"column":null}},"12":{"start":{"line":156,"column":2},"end":{"line":156,"column":null}},"13":{"start":{"line":157,"column":2},"end":{"line":157,"column":null}},"14":{"start":{"line":158,"column":2},"end":{"line":158,"column":null}},"15":{"start":{"line":158,"column":35},"end":{"line":158,"column":49}},"16":{"start":{"line":162,"column":2},"end":{"line":162,"column":null}},"17":{"start":{"line":166,"column":2},"end":{"line":166,"column":null}},"18":{"start":{"line":167,"column":2},"end":{"line":167,"column":null}},"19":{"start":{"line":171,"column":2},"end":{"line":171,"column":null}},"20":{"start":{"line":172,"column":2},"end":{"line":172,"column":null}},"21":{"start":{"line":172,"column":35},"end":{"line":172,"column":49}},"22":{"start":{"line":174,"column":2},"end":{"line":174,"column":null}},"23":{"start":{"line":174,"column":30},"end":{"line":174,"column":63}},"24":{"start":{"line":174,"column":64},"end":{"line":174,"column":70}},"25":{"start":{"line":175,"column":21},"end":{"line":175,"column":null}},"26":{"start":{"line":176,"column":2},"end":{"line":176,"column":null}},"27":{"start":{"line":176,"column":38},"end":{"line":176,"column":71}},"28":{"start":{"line":176,"column":72},"end":{"line":176,"column":78}},"29":{"start":{"line":177,"column":2},"end":{"line":177,"column":null}},"30":{"start":{"line":177,"column":34},"end":{"line":177,"column":75}},"31":{"start":{"line":177,"column":76},"end":{"line":177,"column":82}},"32":{"start":{"line":178,"column":2},"end":{"line":178,"column":null}},"33":{"start":{"line":178,"column":54},"end":{"line":178,"column":101}},"34":{"start":{"line":178,"column":102},"end":{"line":178,"column":108}},"35":{"start":{"line":180,"column":2},"end":{"line":180,"column":null}},"36":{"start":{"line":181,"column":18},"end":{"line":186,"column":null}},"37":{"start":{"line":188,"column":2},"end":{"line":213,"column":null}},"38":{"start":{"line":189,"column":4},"end":{"line":189,"column":null}},"39":{"start":{"line":190,"column":4},"end":{"line":190,"column":null}},"40":{"start":{"line":192,"column":4},"end":{"line":199,"column":null}},"41":{"start":{"line":201,"column":4},"end":{"line":201,"column":null}},"42":{"start":{"line":203,"column":4},"end":{"line":210,"column":null}},"43":{"start":{"line":204,"column":28},"end":{"line":204,"column":null}},"44":{"start":{"line":205,"column":6},"end":{"line":207,"column":null}},"45":{"start":{"line":206,"column":8},"end":{"line":206,"column":null}},"46":{"start":{"line":209,"column":6},"end":{"line":209,"column":null}},"47":{"start":{"line":212,"column":4},"end":{"line":212,"column":null}},"48":{"start":{"line":3,"column":9},"end":{"line":3,"column":null}},"49":{"start":{"line":8,"column":11},"end":{"line":8,"column":null}},"50":{"start":{"line":9,"column":13},"end":{"line":9,"column":null}},"51":{"start":{"line":18,"column":11},"end":{"line":18,"column":null}},"52":{"start":{"line":21,"column":15},"end":{"line":21,"column":null}},"53":{"start":{"line":23,"column":17},"end":{"line":23,"column":null}},"54":{"start":{"line":24,"column":20},"end":{"line":24,"column":39}},"55":{"start":{"line":39,"column":15},"end":{"line":39,"column":null}},"56":{"start":{"line":41,"column":17},"end":{"line":41,"column":null}},"57":{"start":{"line":42,"column":20},"end":{"line":42,"column":39}},"58":{"start":{"line":55,"column":15},"end":{"line":55,"column":null}},"59":{"start":{"line":57,"column":17},"end":{"line":57,"column":null}},"60":{"start":{"line":59,"column":19},"end":{"line":59,"column":null}},"61":{"start":{"line":60,"column":22},"end":{"line":60,"column":41}},"62":{"start":{"line":73,"column":17},"end":{"line":73,"column":null}},"63":{"start":{"line":75,"column":19},"end":{"line":75,"column":null}},"64":{"start":{"line":76,"column":22},"end":{"line":76,"column":41}},"65":{"start":{"line":93,"column":15},"end":{"line":93,"column":null}},"66":{"start":{"line":94,"column":19},"end":{"line":94,"column":null}},"67":{"start":{"line":105,"column":15},"end":{"line":105,"column":null}},"68":{"start":{"line":2,"column":13},"end":{"line":109,"column":49}},"69":{"start":{"line":26,"column":25},"end":{"line":26,"column":null}},"70":{"start":{"line":44,"column":25},"end":{"line":44,"column":null}},"71":{"start":{"line":62,"column":27},"end":{"line":62,"column":null}},"72":{"start":{"line":78,"column":27},"end":{"line":78,"column":null}},"73":{"start":{"line":95,"column":46},"end":{"line":95,"column":60}}},"fnMap":{"0":{"name":"close","decl":{"start":{"line":151,"column":9},"end":{"line":151,"column":14}},"loc":{"start":{"line":151,"column":17},"end":{"line":159,"column":null}},"line":151},"1":{"name":"(anonymous_1)","decl":{"start":{"line":158,"column":30},"end":{"line":158,"column":31}},"loc":{"start":{"line":158,"column":35},"end":{"line":158,"column":49}},"line":158},"2":{"name":"sanitize","decl":{"start":{"line":161,"column":9},"end":{"line":161,"column":17}},"loc":{"start":{"line":161,"column":23},"end":{"line":163,"column":null}},"line":161},"3":{"name":"validateName","decl":{"start":{"line":165,"column":9},"end":{"line":165,"column":21}},"loc":{"start":{"line":165,"column":24},"end":{"line":168,"column":null}},"line":165},"4":{"name":"handleRegister","decl":{"start":{"line":170,"column":15},"end":{"line":170,"column":29}},"loc":{"start":{"line":170,"column":32},"end":{"line":214,"column":null}},"line":170},"5":{"name":"(anonymous_5)","decl":{"start":{"line":172,"column":30},"end":{"line":172,"column":31}},"loc":{"start":{"line":172,"column":35},"end":{"line":172,"column":49}},"line":172},"6":{"name":"(anonymous_6)","decl":{"start":{"line":205,"column":41},"end":{"line":205,"column":44}},"loc":{"start":{"line":205,"column":48},"end":{"line":207,"column":7}},"line":205},"7":{"name":"(anonymous_7)","decl":{"start":{"line":26,"column":25},"end":{"line":26,"column":29}},"loc":{"start":{"line":26,"column":25},"end":{"line":26,"column":null}},"line":26},"8":{"name":"(anonymous_8)","decl":{"start":{"line":44,"column":25},"end":{"line":44,"column":29}},"loc":{"start":{"line":44,"column":25},"end":{"line":44,"column":null}},"line":44},"9":{"name":"(anonymous_9)","decl":{"start":{"line":62,"column":27},"end":{"line":62,"column":31}},"loc":{"start":{"line":62,"column":27},"end":{"line":62,"column":null}},"line":62},"10":{"name":"(anonymous_10)","decl":{"start":{"line":78,"column":27},"end":{"line":78,"column":31}},"loc":{"start":{"line":78,"column":27},"end":{"line":78,"column":null}},"line":78},"11":{"name":"(anonymous_11)","decl":{"start":{"line":95,"column":46},"end":{"line":95,"column":58}},"loc":{"start":{"line":95,"column":46},"end":{"line":95,"column":60}},"line":95}},"branchMap":{"0":{"loc":{"start":{"line":167,"column":16},"end":{"line":167,"column":null}},"type":"cond-expr","locations":[{"start":{"line":167,"column":63},"end":{"line":167,"column":82}},{"start":{"line":167,"column":85},"end":{"line":167,"column":null}}],"line":167},"1":{"loc":{"start":{"line":167,"column":16},"end":{"line":167,"column":60}},"type":"binary-expr","locations":[{"start":{"line":167,"column":16},"end":{"line":167,"column":36}},{"start":{"line":167,"column":40},"end":{"line":167,"column":60}}],"line":167},"2":{"loc":{"start":{"line":174,"column":2},"end":{"line":174,"column":null}},"type":"if","locations":[{"start":{"line":174,"column":2},"end":{"line":174,"column":null}},{"start":{},"end":{}}],"line":174},"3":{"loc":{"start":{"line":176,"column":2},"end":{"line":176,"column":null}},"type":"if","locations":[{"start":{"line":176,"column":2},"end":{"line":176,"column":null}},{"start":{},"end":{}}],"line":176},"4":{"loc":{"start":{"line":177,"column":2},"end":{"line":177,"column":null}},"type":"if","locations":[{"start":{"line":177,"column":2},"end":{"line":177,"column":null}},{"start":{},"end":{}}],"line":177},"5":{"loc":{"start":{"line":178,"column":2},"end":{"line":178,"column":null}},"type":"if","locations":[{"start":{"line":178,"column":2},"end":{"line":178,"column":null}},{"start":{},"end":{}}],"line":178},"6":{"loc":{"start":{"line":203,"column":4},"end":{"line":210,"column":null}},"type":"if","locations":[{"start":{"line":203,"column":4},"end":{"line":210,"column":null}},{"start":{"line":208,"column":11},"end":{"line":210,"column":null}}],"line":203},"7":{"loc":{"start":{"line":209,"column":26},"end":{"line":209,"column":null}},"type":"binary-expr","locations":[{"start":{"line":209,"column":26},"end":{"line":209,"column":53}},{"start":{"line":209,"column":57},"end":{"line":209,"column":null}}],"line":209},"8":{"loc":{"start":{"line":2,"column":13},"end":{"line":109,"column":49}},"type":"cond-expr","locations":[{"start":{"line":2,"column":2},"end":{"line":109,"column":49}}],"line":2},"9":{"loc":{"start":{"line":12,"column":8},"end":{"line":14,"column":60}},"type":"binary-expr","locations":[{"start":{"line":12,"column":8},"end":{"line":12,"column":13}},{"start":{"line":12,"column":8},"end":{"line":14,"column":60}}],"line":12},"10":{"loc":{"start":{"line":22,"column":12},"end":{"line":22,"column":61}},"type":"binary-expr","locations":[{"start":{"line":22,"column":12},"end":{"line":22,"column":19}},{"start":{"line":22,"column":12},"end":{"line":22,"column":61}}],"line":22},"11":{"loc":{"start":{"line":26,"column":25},"end":{"line":26,"column":null}},"type":"binary-expr","locations":[{"start":{"line":26,"column":25},"end":{"line":26,"column":29}},{"start":{"line":26,"column":25},"end":{"line":26,"column":null}}],"line":26},"12":{"loc":{"start":{"line":35,"column":24},"end":{"line":35,"column":80}},"type":"cond-expr","locations":[{"start":{"line":35,"column":12},"end":{"line":35,"column":80}}],"line":35},"13":{"loc":{"start":{"line":40,"column":12},"end":{"line":40,"column":64}},"type":"binary-expr","locations":[{"start":{"line":40,"column":12},"end":{"line":40,"column":19}},{"start":{"line":40,"column":12},"end":{"line":40,"column":64}}],"line":40},"14":{"loc":{"start":{"line":44,"column":25},"end":{"line":44,"column":null}},"type":"binary-expr","locations":[{"start":{"line":44,"column":25},"end":{"line":44,"column":29}},{"start":{"line":44,"column":25},"end":{"line":44,"column":null}}],"line":44},"15":{"loc":{"start":{"line":52,"column":24},"end":{"line":52,"column":82}},"type":"cond-expr","locations":[{"start":{"line":52,"column":12},"end":{"line":52,"column":82}}],"line":52},"16":{"loc":{"start":{"line":58,"column":14},"end":{"line":58,"column":58}},"type":"binary-expr","locations":[{"start":{"line":58,"column":14},"end":{"line":58,"column":21}},{"start":{"line":58,"column":14},"end":{"line":58,"column":58}}],"line":58},"17":{"loc":{"start":{"line":62,"column":27},"end":{"line":62,"column":null}},"type":"binary-expr","locations":[{"start":{"line":62,"column":27},"end":{"line":62,"column":31}},{"start":{"line":62,"column":27},"end":{"line":62,"column":null}}],"line":62},"18":{"loc":{"start":{"line":63,"column":25},"end":{"line":63,"column":null}},"type":"cond-expr","locations":[{"start":{"line":63,"column":37},"end":{"line":63,"column":null}},{"start":{"line":63,"column":37},"end":{"line":63,"column":null}}],"line":63},"19":{"loc":{"start":{"line":74,"column":14},"end":{"line":74,"column":57}},"type":"binary-expr","locations":[{"start":{"line":74,"column":14},"end":{"line":74,"column":21}},{"start":{"line":74,"column":14},"end":{"line":74,"column":57}}],"line":74},"20":{"loc":{"start":{"line":78,"column":27},"end":{"line":78,"column":null}},"type":"binary-expr","locations":[{"start":{"line":78,"column":27},"end":{"line":78,"column":31}},{"start":{"line":78,"column":27},"end":{"line":78,"column":null}}],"line":78},"21":{"loc":{"start":{"line":79,"column":25},"end":{"line":79,"column":null}},"type":"cond-expr","locations":[{"start":{"line":79,"column":37},"end":{"line":79,"column":null}},{"start":{"line":79,"column":37},"end":{"line":79,"column":null}}],"line":79},"22":{"loc":{"start":{"line":89,"column":21},"end":{"line":90,"column":null}},"type":"cond-expr","locations":[{"start":{"line":89,"column":10},"end":{"line":90,"column":null}}],"line":89},"23":{"loc":{"start":{"line":89,"column":21},"end":{"line":89,"column":68}},"type":"binary-expr","locations":[{"start":{"line":89,"column":21},"end":{"line":89,"column":36}},{"start":{"line":89,"column":40},"end":{"line":89,"column":68}}],"line":89},"24":{"loc":{"start":{"line":90,"column":15},"end":{"line":90,"column":62}},"type":"binary-expr","locations":[{"start":{"line":90,"column":15},"end":{"line":90,"column":30}},{"start":{"line":90,"column":34},"end":{"line":90,"column":62}}],"line":90},"25":{"loc":{"start":{"line":95,"column":46},"end":{"line":95,"column":60}},"type":"binary-expr","locations":[{"start":{"line":95,"column":46},"end":{"line":95,"column":58}},{"start":{"line":95,"column":46},"end":{"line":95,"column":60}}],"line":95},"26":{"loc":{"start":{"line":96,"column":14},"end":{"line":96,"column":45}},"type":"binary-expr","locations":[{"start":{"line":96,"column":14},"end":{"line":96,"column":20}},{"start":{"line":96,"column":14},"end":{"line":96,"column":45}}],"line":96},"27":{"loc":{"start":{"line":96,"column":45},"end":{"line":98,"column":20}},"type":"binary-expr","locations":[{"start":{"line":96,"column":45},"end":{"line":96,"column":null}},{"start":{"line":96,"column":45},"end":{"line":98,"column":20}}],"line":96},"28":{"loc":{"start":{"line":101,"column":21},"end":{"line":102,"column":null}},"type":"cond-expr","locations":[{"start":{"line":101,"column":10},"end":{"line":102,"column":null}}],"line":101},"29":{"loc":{"start":{"line":108,"column":26},"end":{"line":109,"column":49}},"type":"cond-expr","locations":[{"start":{"line":108,"column":14},"end":{"line":108,"column":null}},{"start":{"line":109,"column":14},"end":{"line":109,"column":49}}],"line":108}},"s":{"0":23,"1":23,"2":23,"3":23,"4":23,"5":23,"6":23,"7":23,"8":23,"9":4,"10":4,"11":4,"12":4,"13":4,"14":4,"15":16,"16":10,"17":16,"18":16,"19":9,"20":9,"21":36,"22":9,"23":1,"24":1,"25":8,"26":8,"27":1,"28":1,"29":7,"30":1,"31":1,"32":6,"33":1,"34":1,"35":5,"36":5,"37":5,"38":5,"39":1,"40":1,"41":1,"42":3,"43":1,"44":1,"45":2,"46":2,"47":4,"48":2,"49":2,"50":2,"51":2,"52":2,"53":2,"54":2,"55":2,"56":2,"57":2,"58":2,"59":2,"60":2,"61":2,"62":2,"63":2,"64":2,"65":2,"66":2,"67":2,"68":73,"69":16,"70":8,"71":7,"72":6,"73":1},"f":{"0":4,"1":16,"2":10,"3":16,"4":9,"5":36,"6":2,"7":16,"8":8,"9":7,"10":6,"11":1},"b":{"0":[3,13],"1":[16,16],"2":[1,8],"3":[1,7],"4":[1,6],"5":[1,5],"6":[1,2],"7":[2,1],"8":[68],"9":[68,18],"10":[68,18],"11":[68,18],"12":[4],"13":[68,18],"14":[68,18],"15":[2],"16":[68,18],"17":[68,18],"18":[1,67],"19":[68,18],"20":[68,18],"21":[1,67],"22":[2],"23":[68,67],"24":[2,1],"25":[68,18],"26":[68,18],"27":[68,18],"28":[2],"29":[6,62]},"meta":{"lastBranch":0,"lastFunction":0,"lastStatement":0,"seen":{}}}
,"C:\\Users\\User\\Desktop\\Sistema Biblioteca\\client\\src\\controllers\\bookController.js": {"path":"C:\\Users\\User\\Desktop\\Sistema Biblioteca\\client\\src\\controllers\\bookController.js","statementMap":{"0":{"start":{"line":7,"column":17},"end":{"line":7,"column":28}},"1":{"start":{"line":8,"column":20},"end":{"line":8,"column":30}},"2":{"start":{"line":9,"column":20},"end":{"line":9,"column":28}},"3":{"start":{"line":10,"column":20},"end":{"line":10,"column":28}},"4":{"start":{"line":11,"column":20},"end":{"line":11,"column":31}},"5":{"start":{"line":12,"column":20},"end":{"line":12,"column":30}},"6":{"start":{"line":14,"column":17},"end":{"line":21,"column":4}},"7":{"start":{"line":23,"column":15},"end":{"line":33,"column":4}},"8":{"start":{"line":35,"column":23},"end":{"line":35,"column":81}},"9":{"start":{"line":37,"column":21},"end":{"line":43,"column":4}},"10":{"start":{"line":46,"column":21},"end":{"line":46,"column":28}},"11":{"start":{"line":47,"column":23},"end":{"line":47,"column":25}},"12":{"start":{"line":51,"column":4},"end":{"line":51,"column":24}},"13":{"start":{"line":52,"column":4},"end":{"line":52,"column":24}},"14":{"start":{"line":53,"column":4},"end":{"line":63,"column":5}},"15":{"start":{"line":55,"column":18},"end":{"line":55,"column":66}},"16":{"start":{"line":57,"column":6},"end":{"line":57,"column":60}},"17":{"start":{"line":59,"column":6},"end":{"line":59,"column":49}},"18":{"start":{"line":60,"column":6},"end":{"line":60,"column":54}},"19":{"start":{"line":62,"column":6},"end":{"line":62,"column":27}},"20":{"start":{"line":67,"column":23},"end":{"line":85,"column":4}},"21":{"start":{"line":68,"column":17},"end":{"line":68,"column":40}},"22":{"start":{"line":69,"column":4},"end":{"line":69,"column":31}},"23":{"start":{"line":69,"column":22},"end":{"line":69,"column":31}},"24":{"start":{"line":71,"column":4},"end":{"line":84,"column":6}},"25":{"start":{"line":72,"column":20},"end":{"line":72,"column":36}},"26":{"start":{"line":73,"column":21},"end":{"line":73,"column":38}},"27":{"start":{"line":74,"column":19},"end":{"line":74,"column":34}},"28":{"start":{"line":76,"column":25},"end":{"line":76,"column":100}},"29":{"start":{"line":77,"column":26},"end":{"line":77,"column":104}},"30":{"start":{"line":78,"column":24},"end":{"line":78,"column":96}},"31":{"start":{"line":79,"column":25},"end":{"line":79,"column":79}},"32":{"start":{"line":80,"column":29},"end":{"line":80,"column":95}},"33":{"start":{"line":81,"column":26},"end":{"line":81,"column":75}},"34":{"start":{"line":83,"column":6},"end":{"line":83,"column":98}},"35":{"start":{"line":88,"column":24},"end":{"line":91,"column":4}},"36":{"start":{"line":89,"column":18},"end":{"line":89,"column":56}},"37":{"start":{"line":90,"column":4},"end":{"line":90,"column":65}},"38":{"start":{"line":93,"column":20},"end":{"line":93,"column":89}},"39":{"start":{"line":93,"column":36},"end":{"line":93,"column":88}},"40":{"start":{"line":96,"column":1},"end":{"line":98,"column":20}},"41":{"start":{"line":97,"column":4},"end":{"line":97,"column":25}},"42":{"start":{"line":101,"column":4},"end":{"line":110,"column":5}},"43":{"start":{"line":102,"column":27},"end":{"line":105,"column":8}},"44":{"start":{"line":106,"column":6},"end":{"line":106,"column":77}},"45":{"start":{"line":107,"column":6},"end":{"line":107,"column":80}},"46":{"start":{"line":109,"column":6},"end":{"line":109,"column":51}},"47":{"start":{"line":115,"column":4},"end":{"line":115,"column":28}},"48":{"start":{"line":116,"column":4},"end":{"line":116,"column":22}},"49":{"start":{"line":117,"column":4},"end":{"line":121,"column":6}},"50":{"start":{"line":122,"column":4},"end":{"line":122,"column":24}},"51":{"start":{"line":127,"column":4},"end":{"line":127,"column":25}},"52":{"start":{"line":128,"column":4},"end":{"line":128,"column":21}},"53":{"start":{"line":129,"column":4},"end":{"line":141,"column":6}},"54":{"start":{"line":142,"column":4},"end":{"line":142,"column":24}},"55":{"start":{"line":147,"column":4},"end":{"line":147,"column":24}},"56":{"start":{"line":148,"column":4},"end":{"line":148,"column":27}},"57":{"start":{"line":149,"column":4},"end":{"line":167,"column":5}},"58":{"start":{"line":150,"column":6},"end":{"line":156,"column":7}},"59":{"start":{"line":151,"column":8},"end":{"line":151,"column":47}},"60":{"start":{"line":152,"column":8},"end":{"line":152,"column":52}},"61":{"start":{"line":154,"column":8},"end":{"line":154,"column":62}},"62":{"start":{"line":155,"column":8},"end":{"line":155,"column":57}},"63":{"start":{"line":157,"column":6},"end":{"line":157,"column":27}},"64":{"start":{"line":158,"column":6},"end":{"line":158,"column":24}},"65":{"start":{"line":160,"column":6},"end":{"line":164,"column":7}},"66":{"start":{"line":161,"column":8},"end":{"line":161,"column":53}},"67":{"start":{"line":163,"column":8},"end":{"line":163,"column":80}},"68":{"start":{"line":166,"column":6},"end":{"line":166,"column":30}},"69":{"start":{"line":172,"column":4},"end":{"line":172,"column":37}},"70":{"start":{"line":173,"column":4},"end":{"line":173,"column":40}},"71":{"start":{"line":174,"column":4},"end":{"line":174,"column":34}},"72":{"start":{"line":178,"column":4},"end":{"line":185,"column":5}},"73":{"start":{"line":179,"column":6},"end":{"line":179,"column":55}},"74":{"start":{"line":180,"column":6},"end":{"line":180,"column":53}},"75":{"start":{"line":181,"column":6},"end":{"line":181,"column":35}},"76":{"start":{"line":182,"column":6},"end":{"line":182,"column":24}},"77":{"start":{"line":184,"column":6},"end":{"line":184,"column":50}},"78":{"start":{"line":190,"column":4},"end":{"line":190,"column":27}},"79":{"start":{"line":192,"column":4},"end":{"line":200,"column":5}},"80":{"start":{"line":193,"column":6},"end":{"line":197,"column":7}},"81":{"start":{"line":199,"column":6},"end":{"line":199,"column":76}},"82":{"start":{"line":201,"column":4},"end":{"line":201,"column":27}},"83":{"start":{"line":202,"column":4},"end":{"line":202,"column":30}},"84":{"start":{"line":206,"column":4},"end":{"line":206,"column":33}},"85":{"start":{"line":207,"column":4},"end":{"line":207,"column":27}},"86":{"start":{"line":209,"column":21},"end":{"line":209,"column":35}},"87":{"start":{"line":210,"column":4},"end":{"line":210,"column":51}},"88":{"start":{"line":211,"column":4},"end":{"line":211,"column":58}},"89":{"start":{"line":212,"column":4},"end":{"line":212,"column":64}},"90":{"start":{"line":213,"column":4},"end":{"line":213,"column":61}},"91":{"start":{"line":214,"column":4},"end":{"line":216,"column":5}},"92":{"start":{"line":215,"column":6},"end":{"line":215,"column":54}},"93":{"start":{"line":218,"column":4},"end":{"line":231,"column":5}},"94":{"start":{"line":219,"column":6},"end":{"line":219,"column":46}},"95":{"start":{"line":220,"column":6},"end":{"line":220,"column":130}},"96":{"start":{"line":221,"column":6},"end":{"line":221,"column":33}},"97":{"start":{"line":222,"column":6},"end":{"line":222,"column":24}},"98":{"start":{"line":224,"column":6},"end":{"line":228,"column":7}},"99":{"start":{"line":225,"column":8},"end":{"line":225,"column":59}},"100":{"start":{"line":227,"column":8},"end":{"line":227,"column":55}},"101":{"start":{"line":230,"column":6},"end":{"line":230,"column":36}},"102":{"start":{"line":234,"column":2},"end":{"line":240,"column":3}}},"fnMap":{"0":{"name":"useBookController","decl":{"start":{"line":6,"column":16},"end":{"line":6,"column":33}},"loc":{"start":{"line":6,"column":36},"end":{"line":241,"column":1}},"line":6},"1":{"name":"fetchBooks","decl":{"start":{"line":50,"column":17},"end":{"line":50,"column":27}},"loc":{"start":{"line":50,"column":30},"end":{"line":64,"column":3}},"line":50},"2":{"name":"(anonymous_2)","decl":{"start":{"line":67,"column":33},"end":{"line":67,"column":34}},"loc":{"start":{"line":67,"column":39},"end":{"line":85,"column":3}},"line":67},"3":{"name":"(anonymous_3)","decl":{"start":{"line":71,"column":23},"end":{"line":71,"column":27}},"loc":{"start":{"line":71,"column":31},"end":{"line":84,"column":5}},"line":71},"4":{"name":"(anonymous_4)","decl":{"start":{"line":88,"column":34},"end":{"line":88,"column":35}},"loc":{"start":{"line":88,"column":40},"end":{"line":91,"column":3}},"line":88},"5":{"name":"(anonymous_5)","decl":{"start":{"line":93,"column":30},"end":{"line":93,"column":31}},"loc":{"start":{"line":93,"column":36},"end":{"line":93,"column":88}},"line":93},"6":{"name":"(anonymous_6)","decl":{"start":{"line":96,"column":17},"end":{"line":96,"column":18}},"loc":{"start":{"line":96,"column":23},"end":{"line":98,"column":3}},"line":96},"7":{"name":"fetchMasters","decl":{"start":{"line":100,"column":17},"end":{"line":100,"column":29}},"loc":{"start":{"line":100,"column":32},"end":{"line":111,"column":3}},"line":100},"8":{"name":"openCreate","decl":{"start":{"line":114,"column":11},"end":{"line":114,"column":21}},"loc":{"start":{"line":114,"column":24},"end":{"line":123,"column":3}},"line":114},"9":{"name":"openEdit","decl":{"start":{"line":126,"column":11},"end":{"line":126,"column":19}},"loc":{"start":{"line":126,"column":26},"end":{"line":143,"column":3}},"line":126},"10":{"name":"saveBook","decl":{"start":{"line":146,"column":17},"end":{"line":146,"column":25}},"loc":{"start":{"line":146,"column":28},"end":{"line":168,"column":3}},"line":146},"11":{"name":"confirmDelete","decl":{"start":{"line":171,"column":11},"end":{"line":171,"column":24}},"loc":{"start":{"line":171,"column":31},"end":{"line":175,"column":3}},"line":171},"12":{"name":"deleteBook","decl":{"start":{"line":177,"column":17},"end":{"line":177,"column":27}},"loc":{"start":{"line":177,"column":30},"end":{"line":186,"column":3}},"line":177},"13":{"name":"openReportModal","decl":{"start":{"line":189,"column":11},"end":{"line":189,"column":26}},"loc":{"start":{"line":189,"column":33},"end":{"line":203,"column":3}},"line":189},"14":{"name":"submitReport","decl":{"start":{"line":205,"column":17},"end":{"line":205,"column":29}},"loc":{"start":{"line":205,"column":32},"end":{"line":232,"column":3}},"line":205}},"branchMap":{"0":{"loc":{"start":{"line":57,"column":20},"end":{"line":57,"column":60}},"type":"cond-expr","locations":[{"start":{"line":57,"column":41},"end":{"line":57,"column":54}},{"start":{"line":57,"column":57},"end":{"line":57,"column":60}}],"line":57},"1":{"loc":{"start":{"line":68,"column":17},"end":{"line":68,"column":40}},"type":"binary-expr","locations":[{"start":{"line":68,"column":17},"end":{"line":68,"column":34}},{"start":{"line":68,"column":38},"end":{"line":68,"column":40}}],"line":68},"2":{"loc":{"start":{"line":69,"column":4},"end":{"line":69,"column":31}},"type":"if","locations":[{"start":{"line":69,"column":4},"end":{"line":69,"column":31}},{"start":{},"end":{}}],"line":69},"3":{"loc":{"start":{"line":72,"column":20},"end":{"line":72,"column":36}},"type":"binary-expr","locations":[{"start":{"line":72,"column":20},"end":{"line":72,"column":30}},{"start":{"line":72,"column":34},"end":{"line":72,"column":36}}],"line":72},"4":{"loc":{"start":{"line":73,"column":21},"end":{"line":73,"column":38}},"type":"binary-expr","locations":[{"start":{"line":73,"column":21},"end":{"line":73,"column":32}},{"start":{"line":73,"column":36},"end":{"line":73,"column":38}}],"line":73},"5":{"loc":{"start":{"line":74,"column":19},"end":{"line":74,"column":34}},"type":"binary-expr","locations":[{"start":{"line":74,"column":19},"end":{"line":74,"column":28}},{"start":{"line":74,"column":32},"end":{"line":74,"column":34}}],"line":74},"6":{"loc":{"start":{"line":76,"column":25},"end":{"line":76,"column":100}},"type":"binary-expr","locations":[{"start":{"line":76,"column":25},"end":{"line":76,"column":39}},{"start":{"line":76,"column":43},"end":{"line":76,"column":100}}],"line":76},"7":{"loc":{"start":{"line":77,"column":26},"end":{"line":77,"column":104}},"type":"binary-expr","locations":[{"start":{"line":77,"column":26},"end":{"line":77,"column":41}},{"start":{"line":77,"column":45},"end":{"line":77,"column":104}}],"line":77},"8":{"loc":{"start":{"line":78,"column":24},"end":{"line":78,"column":96}},"type":"binary-expr","locations":[{"start":{"line":78,"column":24},"end":{"line":78,"column":37}},{"start":{"line":78,"column":41},"end":{"line":78,"column":96}}],"line":78},"9":{"loc":{"start":{"line":79,"column":25},"end":{"line":79,"column":79}},"type":"binary-expr","locations":[{"start":{"line":79,"column":25},"end":{"line":79,"column":42}},{"start":{"line":79,"column":46},"end":{"line":79,"column":79}}],"line":79},"10":{"loc":{"start":{"line":80,"column":29},"end":{"line":80,"column":95}},"type":"binary-expr","locations":[{"start":{"line":80,"column":29},"end":{"line":80,"column":50}},{"start":{"line":80,"column":54},"end":{"line":80,"column":95}}],"line":80},"11":{"loc":{"start":{"line":81,"column":26},"end":{"line":81,"column":75}},"type":"binary-expr","locations":[{"start":{"line":81,"column":26},"end":{"line":81,"column":41}},{"start":{"line":81,"column":45},"end":{"line":81,"column":75}}],"line":81},"12":{"loc":{"start":{"line":83,"column":13},"end":{"line":83,"column":98}},"type":"binary-expr","locations":[{"start":{"line":83,"column":13},"end":{"line":83,"column":23}},{"start":{"line":83,"column":27},"end":{"line":83,"column":38}},{"start":{"line":83,"column":42},"end":{"line":83,"column":51}},{"start":{"line":83,"column":55},"end":{"line":83,"column":65}},{"start":{"line":83,"column":69},"end":{"line":83,"column":83}},{"start":{"line":83,"column":87},"end":{"line":83,"column":98}}],"line":83},"13":{"loc":{"start":{"line":134,"column":20},"end":{"line":134,"column":38}},"type":"binary-expr","locations":[{"start":{"line":134,"column":20},"end":{"line":134,"column":32}},{"start":{"line":134,"column":36},"end":{"line":134,"column":38}}],"line":134},"14":{"loc":{"start":{"line":135,"column":20},"end":{"line":135,"column":36}},"type":"binary-expr","locations":[{"start":{"line":135,"column":20},"end":{"line":135,"column":30}},{"start":{"line":135,"column":34},"end":{"line":135,"column":36}}],"line":135},"15":{"loc":{"start":{"line":136,"column":20},"end":{"line":136,"column":40}},"type":"binary-expr","locations":[{"start":{"line":136,"column":20},"end":{"line":136,"column":34}},{"start":{"line":136,"column":38},"end":{"line":136,"column":40}}],"line":136},"16":{"loc":{"start":{"line":137,"column":20},"end":{"line":137,"column":39}},"type":"binary-expr","locations":[{"start":{"line":137,"column":20},"end":{"line":137,"column":33}},{"start":{"line":137,"column":37},"end":{"line":137,"column":39}}],"line":137},"17":{"loc":{"start":{"line":138,"column":20},"end":{"line":138,"column":43}},"type":"binary-expr","locations":[{"start":{"line":138,"column":20},"end":{"line":138,"column":37}},{"start":{"line":138,"column":41},"end":{"line":138,"column":43}}],"line":138},"18":{"loc":{"start":{"line":139,"column":20},"end":{"line":139,"column":47}},"type":"binary-expr","locations":[{"start":{"line":139,"column":20},"end":{"line":139,"column":31}},{"start":{"line":139,"column":35},"end":{"line":139,"column":47}}],"line":139},"19":{"loc":{"start":{"line":140,"column":20},"end":{"line":140,"column":39}},"type":"binary-expr","locations":[{"start":{"line":140,"column":20},"end":{"line":140,"column":33}},{"start":{"line":140,"column":37},"end":{"line":140,"column":39}}],"line":140},"20":{"loc":{"start":{"line":150,"column":6},"end":{"line":156,"column":7}},"type":"if","locations":[{"start":{"line":150,"column":6},"end":{"line":156,"column":7}},{"start":{"line":153,"column":13},"end":{"line":156,"column":7}}],"line":150},"21":{"loc":{"start":{"line":160,"column":6},"end":{"line":164,"column":7}},"type":"if","locations":[{"start":{"line":160,"column":6},"end":{"line":164,"column":7}},{"start":{"line":162,"column":13},"end":{"line":164,"column":7}}],"line":160},"22":{"loc":{"start":{"line":161,"column":23},"end":{"line":161,"column":53}},"type":"binary-expr","locations":[{"start":{"line":161,"column":23},"end":{"line":161,"column":47}},{"start":{"line":161,"column":51},"end":{"line":161,"column":53}}],"line":161},"23":{"loc":{"start":{"line":163,"column":20},"end":{"line":163,"column":79}},"type":"binary-expr","locations":[{"start":{"line":163,"column":20},"end":{"line":163,"column":47}},{"start":{"line":163,"column":51},"end":{"line":163,"column":79}}],"line":163},"24":{"loc":{"start":{"line":192,"column":4},"end":{"line":200,"column":5}},"type":"if","locations":[{"start":{"line":192,"column":4},"end":{"line":200,"column":5}},{"start":{"line":198,"column":11},"end":{"line":200,"column":5}}],"line":192},"25":{"loc":{"start":{"line":192,"column":8},"end":{"line":192,"column":61}},"type":"binary-expr","locations":[{"start":{"line":192,"column":8},"end":{"line":192,"column":39}},{"start":{"line":192,"column":43},"end":{"line":192,"column":61}}],"line":192},"26":{"loc":{"start":{"line":194,"column":18},"end":{"line":194,"column":56}},"type":"binary-expr","locations":[{"start":{"line":194,"column":18},"end":{"line":194,"column":45}},{"start":{"line":194,"column":49},"end":{"line":194,"column":56}}],"line":194},"27":{"loc":{"start":{"line":195,"column":21},"end":{"line":195,"column":57}},"type":"binary-expr","locations":[{"start":{"line":195,"column":21},"end":{"line":195,"column":51}},{"start":{"line":195,"column":55},"end":{"line":195,"column":57}}],"line":195},"28":{"loc":{"start":{"line":214,"column":4},"end":{"line":216,"column":5}},"type":"if","locations":[{"start":{"line":214,"column":4},"end":{"line":216,"column":5}},{"start":{},"end":{}}],"line":214},"29":{"loc":{"start":{"line":224,"column":6},"end":{"line":228,"column":7}},"type":"if","locations":[{"start":{"line":224,"column":6},"end":{"line":228,"column":7}},{"start":{"line":226,"column":13},"end":{"line":228,"column":7}}],"line":224},"30":{"loc":{"start":{"line":225,"column":29},"end":{"line":225,"column":59}},"type":"binary-expr","locations":[{"start":{"line":225,"column":29},"end":{"line":225,"column":53}},{"start":{"line":225,"column":57},"end":{"line":225,"column":59}}],"line":225}},"s":{"0":35,"1":35,"2":35,"3":35,"4":35,"5":35,"6":35,"7":35,"8":35,"9":35,"10":35,"11":35,"12":19,"13":19,"14":19,"15":19,"16":18,"17":1,"18":1,"19":19,"20":35,"21":11,"22":11,"23":2,"24":9,"25":27,"26":27,"27":27,"28":27,"29":27,"30":27,"31":27,"32":27,"33":27,"34":27,"35":35,"36":0,"37":0,"38":35,"39":0,"40":35,"41":8,"42":2,"43":2,"44":1,"45":1,"46":1,"47":5,"48":5,"49":5,"50":5,"51":3,"52":3,"53":3,"54":3,"55":6,"56":6,"57":6,"58":6,"59":5,"60":1,"61":1,"62":1,"63":2,"64":2,"65":4,"66":2,"67":2,"68":6,"69":3,"70":3,"71":3,"72":2,"73":2,"74":1,"75":1,"76":1,"77":1,"78":8,"79":8,"80":1,"81":7,"82":8,"83":8,"84":5,"85":5,"86":5,"87":5,"88":5,"89":5,"90":5,"91":5,"92":1,"93":5,"94":5,"95":2,"96":2,"97":2,"98":3,"99":2,"100":1,"101":5,"102":35},"f":{"0":35,"1":19,"2":11,"3":27,"4":0,"5":0,"6":8,"7":2,"8":5,"9":3,"10":6,"11":3,"12":2,"13":8,"14":5},"b":{"0":[1,17],"1":[11,1],"2":[2,9],"3":[27,0],"4":[27,0],"5":[27,0],"6":[27,6],"7":[27,3],"8":[27,3],"9":[27,6],"10":[27,3],"11":[27,6],"12":[27,22,20,18,15,13],"13":[3,2],"14":[3,2],"15":[3,2],"16":[3,2],"17":[3,2],"18":[3,2],"19":[3,2],"20":[5,1],"21":[2,2],"22":[2,1],"23":[2,1],"24":[1,7],"25":[8,2],"26":[1,0],"27":[1,0],"28":[1,4],"29":[2,1],"30":[2,1]},"meta":{"lastBranch":31,"lastFunction":15,"lastStatement":103,"seen":{"f:6:16:6:33":0,"s:7:17:7:28":0,"s:8:20:8:30":1,"s:9:20:9:28":2,"s:10:20:10:28":3,"s:11:20:11:31":4,"s:12:20:12:30":5,"s:14:17:21:4":6,"s:23:15:33:4":7,"s:35:23:35:81":8,"s:37:21:43:4":9,"s:46:21:46:28":10,"s:47:23:47:25":11,"f:50:17:50:27":1,"s:51:4:51:24":12,"s:52:4:52:24":13,"s:53:4:63:5":14,"s:55:18:55:66":15,"s:57:6:57:60":16,"b:57:41:57:54:57:57:57:60":0,"s:59:6:59:49":17,"s:60:6:60:54":18,"s:62:6:62:27":19,"s:67:23:85:4":20,"f:67:33:67:34":2,"s:68:17:68:40":21,"b:68:17:68:34:68:38:68:40":1,"b:69:4:69:31:undefined:undefined:undefined:undefined":2,"s:69:4:69:31":22,"s:69:22:69:31":23,"s:71:4:84:6":24,"f:71:23:71:27":3,"s:72:20:72:36":25,"b:72:20:72:30:72:34:72:36":3,"s:73:21:73:38":26,"b:73:21:73:32:73:36:73:38":4,"s:74:19:74:34":27,"b:74:19:74:28:74:32:74:34":5,"s:76:25:76:100":28,"b:76:25:76:39:76:43:76:100":6,"s:77:26:77:104":29,"b:77:26:77:41:77:45:77:104":7,"s:78:24:78:96":30,"b:78:24:78:37:78:41:78:96":8,"s:79:25:79:79":31,"b:79:25:79:42:79:46:79:79":9,"s:80:29:80:95":32,"b:80:29:80:50:80:54:80:95":10,"s:81:26:81:75":33,"b:81:26:81:41:81:45:81:75":11,"s:83:6:83:98":34,"b:83:13:83:23:83:27:83:38:83:42:83:51:83:55:83:65:83:69:83:83:83:87:83:98":12,"s:88:24:91:4":35,"f:88:34:88:35":4,"s:89:18:89:56":36,"s:90:4:90:65":37,"s:93:20:93:89":38,"f:93:30:93:31":5,"s:93:36:93:88":39,"s:96:1:98:20":40,"f:96:17:96:18":6,"s:97:4:97:25":41,"f:100:17:100:29":7,"s:101:4:110:5":42,"s:102:27:105:8":43,"s:106:6:106:77":44,"s:107:6:107:80":45,"s:109:6:109:51":46,"f:114:11:114:21":8,"s:115:4:115:28":47,"s:116:4:116:22":48,"s:117:4:121:6":49,"s:122:4:122:24":50,"f:126:11:126:19":9,"s:127:4:127:25":51,"s:128:4:128:21":52,"s:129:4:141:6":53,"b:134:20:134:32:134:36:134:38":13,"b:135:20:135:30:135:34:135:36":14,"b:136:20:136:34:136:38:136:40":15,"b:137:20:137:33:137:37:137:39":16,"b:138:20:138:37:138:41:138:43":17,"b:139:20:139:31:139:35:139:47":18,"b:140:20:140:33:140:37:140:39":19,"s:142:4:142:24":54,"f:146:17:146:25":10,"s:147:4:147:24":55,"s:148:4:148:27":56,"s:149:4:167:5":57,"b:150:6:156:7:153:13:156:7":20,"s:150:6:156:7":58,"s:151:8:151:47":59,"s:152:8:152:52":60,"s:154:8:154:62":61,"s:155:8:155:57":62,"s:157:6:157:27":63,"s:158:6:158:24":64,"b:160:6:164:7:162:13:164:7":21,"s:160:6:164:7":65,"s:161:8:161:53":66,"b:161:23:161:47:161:51:161:53":22,"s:163:8:163:80":67,"b:163:20:163:47:163:51:163:79":23,"s:166:6:166:30":68,"f:171:11:171:24":11,"s:172:4:172:37":69,"s:173:4:173:40":70,"s:174:4:174:34":71,"f:177:17:177:27":12,"s:178:4:185:5":72,"s:179:6:179:55":73,"s:180:6:180:53":74,"s:181:6:181:35":75,"s:182:6:182:24":76,"s:184:6:184:50":77,"f:189:11:189:26":13,"s:190:4:190:27":78,"b:192:4:200:5:198:11:200:5":24,"s:192:4:200:5":79,"b:192:8:192:39:192:43:192:61":25,"s:193:6:197:7":80,"b:194:18:194:45:194:49:194:56":26,"b:195:21:195:51:195:55:195:57":27,"s:199:6:199:76":81,"s:201:4:201:27":82,"s:202:4:202:30":83,"f:205:17:205:29":14,"s:206:4:206:33":84,"s:207:4:207:27":85,"s:209:21:209:35":86,"s:210:4:210:51":87,"s:211:4:211:58":88,"s:212:4:212:64":89,"s:213:4:213:61":90,"b:214:4:216:5:undefined:undefined:undefined:undefined":28,"s:214:4:216:5":91,"s:215:6:215:54":92,"s:218:4:231:5":93,"s:219:6:219:46":94,"s:220:6:220:130":95,"s:221:6:221:33":96,"s:222:6:222:24":97,"b:224:6:228:7:226:13:228:7":29,"s:224:6:228:7":98,"s:225:8:225:59":99,"b:225:29:225:53:225:57:225:59":30,"s:227:8:227:55":100,"s:230:6:230:36":101,"s:234:2:240:3":102}}}
,"C:\\Users\\User\\Desktop\\Sistema Biblioteca\\client\\src\\router\\index.js": {"path":"C:\\Users\\User\\Desktop\\Sistema Biblioteca\\client\\src\\router\\index.js","statementMap":{"0":{"start":{"line":4,"column":22},"end":{"line":4,"column":null}},"1":{"start":{"line":4,"column":28},"end":{"line":4,"column":null}},"2":{"start":{"line":5,"column":22},"end":{"line":5,"column":null}},"3":{"start":{"line":5,"column":28},"end":{"line":5,"column":null}},"4":{"start":{"line":6,"column":22},"end":{"line":6,"column":null}},"5":{"start":{"line":6,"column":28},"end":{"line":6,"column":null}},"6":{"start":{"line":7,"column":22},"end":{"line":7,"column":null}},"7":{"start":{"line":7,"column":28},"end":{"line":7,"column":null}},"8":{"start":{"line":8,"column":23},"end":{"line":8,"column":null}},"9":{"start":{"line":8,"column":29},"end":{"line":8,"column":null}},"10":{"start":{"line":9,"column":22},"end":{"line":9,"column":null}},"11":{"start":{"line":9,"column":28},"end":{"line":9,"column":null}},"12":{"start":{"line":10,"column":22},"end":{"line":10,"column":null}},"13":{"start":{"line":10,"column":28},"end":{"line":10,"column":null}},"14":{"start":{"line":11,"column":22},"end":{"line":11,"column":null}},"15":{"start":{"line":11,"column":28},"end":{"line":11,"column":null}},"16":{"start":{"line":12,"column":22},"end":{"line":12,"column":null}},"17":{"start":{"line":12,"column":28},"end":{"line":12,"column":null}},"18":{"start":{"line":14,"column":14},"end":{"line":76,"column":null}},"19":{"start":{"line":79,"column":31},"end":{"line":99,"column":null}},"20":{"start":{"line":80,"column":14},"end":{"line":80,"column":null}},"21":{"start":{"line":83,"column":2},"end":{"line":85,"column":null}},"22":{"start":{"line":84,"column":4},"end":{"line":84,"column":null}},"23":{"start":{"line":88,"column":2},"end":{"line":90,"column":null}},"24":{"start":{"line":89,"column":4},"end":{"line":89,"column":null}},"25":{"start":{"line":93,"column":2},"end":{"line":98,"column":null}},"26":{"start":{"line":94,"column":4},"end":{"line":97,"column":null}},"27":{"start":{"line":96,"column":6},"end":{"line":96,"column":null}},"28":{"start":{"line":101,"column":0},"end":{"line":101,"column":null}}},"fnMap":{"0":{"name":"(anonymous_0)","decl":{"start":{"line":4,"column":22},"end":{"line":4,"column":23}},"loc":{"start":{"line":4,"column":28},"end":{"line":4,"column":null}},"line":4},"1":{"name":"(anonymous_1)","decl":{"start":{"line":5,"column":22},"end":{"line":5,"column":23}},"loc":{"start":{"line":5,"column":28},"end":{"line":5,"column":null}},"line":5},"2":{"name":"(anonymous_2)","decl":{"start":{"line":6,"column":22},"end":{"line":6,"column":23}},"loc":{"start":{"line":6,"column":28},"end":{"line":6,"column":null}},"line":6},"3":{"name":"(anonymous_3)","decl":{"start":{"line":7,"column":22},"end":{"line":7,"column":23}},"loc":{"start":{"line":7,"column":28},"end":{"line":7,"column":null}},"line":7},"4":{"name":"(anonymous_4)","decl":{"start":{"line":8,"column":23},"end":{"line":8,"column":24}},"loc":{"start":{"line":8,"column":29},"end":{"line":8,"column":null}},"line":8},"5":{"name":"(anonymous_5)","decl":{"start":{"line":9,"column":22},"end":{"line":9,"column":23}},"loc":{"start":{"line":9,"column":28},"end":{"line":9,"column":null}},"line":9},"6":{"name":"(anonymous_6)","decl":{"start":{"line":10,"column":22},"end":{"line":10,"column":23}},"loc":{"start":{"line":10,"column":28},"end":{"line":10,"column":null}},"line":10},"7":{"name":"(anonymous_7)","decl":{"start":{"line":11,"column":22},"end":{"line":11,"column":23}},"loc":{"start":{"line":11,"column":28},"end":{"line":11,"column":null}},"line":11},"8":{"name":"(anonymous_8)","decl":{"start":{"line":12,"column":22},"end":{"line":12,"column":23}},"loc":{"start":{"line":12,"column":28},"end":{"line":12,"column":null}},"line":12},"9":{"name":"(anonymous_9)","decl":{"start":{"line":79,"column":31},"end":{"line":79,"column":32}},"loc":{"start":{"line":79,"column":39},"end":{"line":99,"column":null}},"line":79}},"branchMap":{"0":{"loc":{"start":{"line":83,"column":2},"end":{"line":85,"column":null}},"type":"if","locations":[{"start":{"line":83,"column":2},"end":{"line":85,"column":null}},{"start":{},"end":{}}],"line":83},"1":{"loc":{"start":{"line":83,"column":6},"end":{"line":83,"column":46}},"type":"binary-expr","locations":[{"start":{"line":83,"column":6},"end":{"line":83,"column":21}},{"start":{"line":83,"column":25},"end":{"line":83,"column":46}}],"line":83},"2":{"loc":{"start":{"line":88,"column":2},"end":{"line":90,"column":null}},"type":"if","locations":[{"start":{"line":88,"column":2},"end":{"line":90,"column":null}},{"start":{},"end":{}}],"line":88},"3":{"loc":{"start":{"line":88,"column":6},"end":{"line":88,"column":49}},"type":"binary-expr","locations":[{"start":{"line":88,"column":6},"end":{"line":88,"column":25}},{"start":{"line":88,"column":29},"end":{"line":88,"column":49}}],"line":88},"4":{"loc":{"start":{"line":93,"column":2},"end":{"line":98,"column":null}},"type":"if","locations":[{"start":{"line":93,"column":2},"end":{"line":98,"column":null}},{"start":{},"end":{}}],"line":93},"5":{"loc":{"start":{"line":93,"column":6},"end":{"line":93,"column":48}},"type":"binary-expr","locations":[{"start":{"line":93,"column":6},"end":{"line":93,"column":24}},{"start":{"line":93,"column":28},"end":{"line":93,"column":48}}],"line":93},"6":{"loc":{"start":{"line":94,"column":4},"end":{"line":97,"column":null}},"type":"if","locations":[{"start":{"line":94,"column":4},"end":{"line":97,"column":null}},{"start":{},"end":{}}],"line":94}},"s":{"0":4,"1":0,"2":4,"3":0,"4":4,"5":0,"6":4,"7":0,"8":4,"9":0,"10":4,"11":0,"12":4,"13":0,"14":4,"15":0,"16":4,"17":0,"18":4,"19":4,"20":5,"21":5,"22":1,"23":4,"24":1,"25":3,"26":2,"27":1,"28":4},"f":{"0":0,"1":0,"2":0,"3":0,"4":0,"5":0,"6":0,"7":0,"8":0,"9":5},"b":{"0":[1,4],"1":[5,3],"2":[1,3],"3":[4,1],"4":[2,1],"5":[3,2],"6":[1,1]},"meta":{"lastBranch":7,"lastFunction":10,"lastStatement":29,"seen":{"s:4:22:4:Infinity":0,"f:4:22:4:23":0,"s:4:28:4:Infinity":1,"s:5:22:5:Infinity":2,"f:5:22:5:23":1,"s:5:28:5:Infinity":3,"s:6:22:6:Infinity":4,"f:6:22:6:23":2,"s:6:28:6:Infinity":5,"s:7:22:7:Infinity":6,"f:7:22:7:23":3,"s:7:28:7:Infinity":7,"s:8:23:8:Infinity":8,"f:8:23:8:24":4,"s:8:29:8:Infinity":9,"s:9:22:9:Infinity":10,"f:9:22:9:23":5,"s:9:28:9:Infinity":11,"s:10:22:10:Infinity":12,"f:10:22:10:23":6,"s:10:28:10:Infinity":13,"s:11:22:11:Infinity":14,"f:11:22:11:23":7,"s:11:28:11:Infinity":15,"s:12:22:12:Infinity":16,"f:12:22:12:23":8,"s:12:28:12:Infinity":17,"s:14:14:76:Infinity":18,"s:79:31:99:Infinity":19,"f:79:31:79:32":9,"s:80:14:80:Infinity":20,"b:83:2:85:Infinity:undefined:undefined:undefined:undefined":0,"s:83:2:85:Infinity":21,"b:83:6:83:21:83:25:83:46":1,"s:84:4:84:Infinity":22,"b:88:2:90:Infinity:undefined:undefined:undefined:undefined":2,"s:88:2:90:Infinity":23,"b:88:6:88:25:88:29:88:49":3,"s:89:4:89:Infinity":24,"b:93:2:98:Infinity:undefined:undefined:undefined:undefined":4,"s:93:2:98:Infinity":25,"b:93:6:93:24:93:28:93:48":5,"b:94:4:97:Infinity:undefined:undefined:undefined:undefined":6,"s:94:4:97:Infinity":26,"s:96:6:96:Infinity":27,"s:101:0:101:Infinity":28}}}
,"C:\\Users\\User\\Desktop\\Sistema Biblioteca\\client\\src\\services\\api.js": {"path":"C:\\Users\\User\\Desktop\\Sistema Biblioteca\\client\\src\\services\\api.js","statementMap":{"0":{"start":{"line":5,"column":12},"end":{"line":12,"column":null}},"1":{"start":{"line":15,"column":0},"end":{"line":24,"column":null}},"2":{"start":{"line":17,"column":16},"end":{"line":17,"column":null}},"3":{"start":{"line":18,"column":4},"end":{"line":20,"column":null}},"4":{"start":{"line":19,"column":6},"end":{"line":19,"column":null}},"5":{"start":{"line":21,"column":4},"end":{"line":21,"column":null}},"6":{"start":{"line":23,"column":13},"end":{"line":23,"column":34}},"7":{"start":{"line":27,"column":0},"end":{"line":37,"column":null}},"8":{"start":{"line":28,"column":16},"end":{"line":28,"column":24}},"9":{"start":{"line":30,"column":4},"end":{"line":34,"column":null}},"10":{"start":{"line":31,"column":18},"end":{"line":31,"column":null}},"11":{"start":{"line":32,"column":6},"end":{"line":32,"column":null}},"12":{"start":{"line":33,"column":6},"end":{"line":33,"column":null}},"13":{"start":{"line":35,"column":4},"end":{"line":35,"column":null}}},"fnMap":{"0":{"name":"(anonymous_0)","decl":{"start":{"line":16,"column":2},"end":{"line":16,"column":3}},"loc":{"start":{"line":16,"column":14},"end":{"line":22,"column":3}},"line":16},"1":{"name":"(anonymous_1)","decl":{"start":{"line":23,"column":2},"end":{"line":23,"column":3}},"loc":{"start":{"line":23,"column":13},"end":{"line":23,"column":34}},"line":23},"2":{"name":"(anonymous_2)","decl":{"start":{"line":28,"column":2},"end":{"line":28,"column":3}},"loc":{"start":{"line":28,"column":16},"end":{"line":28,"column":24}},"line":28},"3":{"name":"(anonymous_3)","decl":{"start":{"line":29,"column":2},"end":{"line":29,"column":7}},"loc":{"start":{"line":29,"column":19},"end":{"line":36,"column":3}},"line":29}},"branchMap":{"0":{"loc":{"start":{"line":6,"column":11},"end":{"line":6,"column":70}},"type":"binary-expr","locations":[{"start":{"line":6,"column":11},"end":{"line":6,"column":39}},{"start":{"line":6,"column":43},"end":{"line":6,"column":70}}],"line":6},"1":{"loc":{"start":{"line":18,"column":4},"end":{"line":20,"column":null}},"type":"if","locations":[{"start":{"line":18,"column":4},"end":{"line":20,"column":null}},{"start":{},"end":{}}],"line":18},"2":{"loc":{"start":{"line":30,"column":4},"end":{"line":34,"column":null}},"type":"if","locations":[{"start":{"line":30,"column":4},"end":{"line":34,"column":null}},{"start":{},"end":{}}],"line":30}},"s":{"0":4,"1":4,"2":2,"3":2,"4":1,"5":2,"6":0,"7":4,"8":0,"9":2,"10":1,"11":1,"12":1,"13":2},"f":{"0":2,"1":0,"2":0,"3":2},"b":{"0":[4,0],"1":[1,1],"2":[1,1]},"meta":{"lastBranch":3,"lastFunction":4,"lastStatement":14,"seen":{"s:5:12:12:Infinity":0,"b:6:11:6:39:6:43:6:70":0,"s:15:0:24:Infinity":1,"f:16:2:16:3":0,"s:17:16:17:Infinity":2,"b:18:4:20:Infinity:undefined:undefined:undefined:undefined":1,"s:18:4:20:Infinity":3,"s:19:6:19:Infinity":4,"s:21:4:21:Infinity":5,"f:23:2:23:3":1,"s:23:13:23:34":6,"s:27:0:37:Infinity":7,"f:28:2:28:3":2,"s:28:16:28:24":8,"f:29:2:29:7":3,"b:30:4:34:Infinity:undefined:undefined:undefined:undefined":2,"s:30:4:34:Infinity":9,"s:31:18:31:Infinity":10,"s:32:6:32:Infinity":11,"s:33:6:33:Infinity":12,"s:35:4:35:Infinity":13}}}
,"C:\\Users\\User\\Desktop\\Sistema Biblioteca\\client\\src\\services\\authService.js": {"path":"C:\\Users\\User\\Desktop\\Sistema Biblioteca\\client\\src\\services\\authService.js","statementMap":{"0":{"start":{"line":3,"column":27},"end":{"line":8,"column":null}},"1":{"start":{"line":4,"column":29},"end":{"line":4,"column":65}},"2":{"start":{"line":5,"column":29},"end":{"line":5,"column":65}},"3":{"start":{"line":6,"column":18},"end":{"line":6,"column":42}},"4":{"start":{"line":7,"column":18},"end":{"line":7,"column":37}}},"fnMap":{"0":{"name":"(anonymous_0)","decl":{"start":{"line":4,"column":12},"end":{"line":4,"column":13}},"loc":{"start":{"line":4,"column":29},"end":{"line":4,"column":65}},"line":4},"1":{"name":"(anonymous_1)","decl":{"start":{"line":5,"column":12},"end":{"line":5,"column":13}},"loc":{"start":{"line":5,"column":29},"end":{"line":5,"column":65}},"line":5},"2":{"name":"(anonymous_2)","decl":{"start":{"line":6,"column":12},"end":{"line":6,"column":13}},"loc":{"start":{"line":6,"column":18},"end":{"line":6,"column":42}},"line":6},"3":{"name":"(anonymous_3)","decl":{"start":{"line":7,"column":12},"end":{"line":7,"column":13}},"loc":{"start":{"line":7,"column":18},"end":{"line":7,"column":37}},"line":7}},"branchMap":{},"s":{"0":5,"1":1,"2":0,"3":1,"4":1},"f":{"0":1,"1":0,"2":1,"3":1},"b":{},"meta":{"lastBranch":0,"lastFunction":4,"lastStatement":5,"seen":{"s:3:27:8:Infinity":0,"f:4:12:4:13":0,"s:4:29:4:65":1,"f:5:12:5:13":1,"s:5:29:5:65":2,"f:6:12:6:13":2,"s:6:18:6:42":3,"f:7:12:7:13":3,"s:7:18:7:37":4}}}
,"C:\\Users\\User\\Desktop\\Sistema Biblioteca\\client\\src\\store\\auth.js": {"path":"C:\\Users\\User\\Desktop\\Sistema Biblioteca\\client\\src\\store\\auth.js","statementMap":{"0":{"start":{"line":5,"column":27},"end":{"line":98,"column":2}},"1":{"start":{"line":6,"column":14},"end":{"line":6,"column":81}},"2":{"start":{"line":7,"column":15},"end":{"line":7,"column":71}},"3":{"start":{"line":8,"column":21},"end":{"line":8,"column":93}},"4":{"start":{"line":10,"column":25},"end":{"line":10,"column":55}},"5":{"start":{"line":10,"column":41},"end":{"line":10,"column":54}},"6":{"start":{"line":11,"column":17},"end":{"line":11,"column":68}},"7":{"start":{"line":11,"column":33},"end":{"line":11,"column":67}},"8":{"start":{"line":12,"column":18},"end":{"line":12,"column":70}},"9":{"start":{"line":12,"column":34},"end":{"line":12,"column":69}},"10":{"start":{"line":15,"column":14},"end":{"line":15,"column":50}},"11":{"start":{"line":15,"column":21},"end":{"line":15,"column":50}},"12":{"start":{"line":18,"column":29},"end":{"line":18,"column":43}},"13":{"start":{"line":19,"column":24},"end":{"line":19,"column":28}},"14":{"start":{"line":22,"column":4},"end":{"line":22,"column":38}},"15":{"start":{"line":22,"column":32},"end":{"line":22,"column":38}},"16":{"start":{"line":24,"column":4},"end":{"line":24,"column":54}},"17":{"start":{"line":24,"column":25},"end":{"line":24,"column":54}},"18":{"start":{"line":26,"column":4},"end":{"line":29,"column":26}},"19":{"start":{"line":27,"column":6},"end":{"line":27,"column":52}},"20":{"start":{"line":28,"column":6},"end":{"line":28,"column":14}},"21":{"start":{"line":33,"column":4},"end":{"line":33,"column":18}},"22":{"start":{"line":34,"column":4},"end":{"line":34,"column":19}},"23":{"start":{"line":35,"column":4},"end":{"line":35,"column":25}},"24":{"start":{"line":36,"column":4},"end":{"line":36,"column":64}},"25":{"start":{"line":37,"column":4},"end":{"line":37,"column":49}},"26":{"start":{"line":38,"column":4},"end":{"line":38,"column":71}},"27":{"start":{"line":40,"column":4},"end":{"line":40,"column":26}},"28":{"start":{"line":44,"column":4},"end":{"line":44,"column":21}},"29":{"start":{"line":45,"column":4},"end":{"line":45,"column":22}},"30":{"start":{"line":46,"column":4},"end":{"line":46,"column":26}},"31":{"start":{"line":47,"column":4},"end":{"line":47,"column":48}},"32":{"start":{"line":48,"column":4},"end":{"line":48,"column":49}},"33":{"start":{"line":49,"column":4},"end":{"line":49,"column":55}},"34":{"start":{"line":51,"column":4},"end":{"line":54,"column":5}},"35":{"start":{"line":52,"column":6},"end":{"line":52,"column":35}},"36":{"start":{"line":53,"column":6},"end":{"line":53,"column":28}},"37":{"start":{"line":58,"column":21},"end":{"line":58,"column":57}},"38":{"start":{"line":59,"column":4},"end":{"line":59,"column":66}},"39":{"start":{"line":60,"column":4},"end":{"line":60,"column":20}},"40":{"start":{"line":64,"column":21},"end":{"line":64,"column":57}},"41":{"start":{"line":65,"column":4},"end":{"line":65,"column":66}},"42":{"start":{"line":66,"column":4},"end":{"line":66,"column":20}},"43":{"start":{"line":70,"column":4},"end":{"line":75,"column":5}},"44":{"start":{"line":72,"column":6},"end":{"line":72,"column":26}},"45":{"start":{"line":74,"column":6},"end":{"line":74,"column":20}},"46":{"start":{"line":79,"column":4},"end":{"line":84,"column":5}},"47":{"start":{"line":80,"column":23},"end":{"line":80,"column":45}},"48":{"start":{"line":81,"column":6},"end":{"line":81,"column":59}},"49":{"start":{"line":83,"column":6},"end":{"line":83,"column":20}},"50":{"start":{"line":88,"column":2},"end":{"line":90,"column":3}},"51":{"start":{"line":89,"column":4},"end":{"line":89,"column":26}},"52":{"start":{"line":92,"column":2},"end":{"line":97,"column":3}}},"fnMap":{"0":{"name":"(anonymous_0)","decl":{"start":{"line":5,"column":48},"end":{"line":5,"column":49}},"loc":{"start":{"line":5,"column":54},"end":{"line":98,"column":1}},"line":5},"1":{"name":"(anonymous_1)","decl":{"start":{"line":10,"column":35},"end":{"line":10,"column":36}},"loc":{"start":{"line":10,"column":41},"end":{"line":10,"column":54}},"line":10},"2":{"name":"(anonymous_2)","decl":{"start":{"line":11,"column":27},"end":{"line":11,"column":28}},"loc":{"start":{"line":11,"column":33},"end":{"line":11,"column":67}},"line":11},"3":{"name":"(anonymous_3)","decl":{"start":{"line":12,"column":28},"end":{"line":12,"column":29}},"loc":{"start":{"line":12,"column":34},"end":{"line":12,"column":69}},"line":12},"4":{"name":"(anonymous_4)","decl":{"start":{"line":15,"column":14},"end":{"line":15,"column":15}},"loc":{"start":{"line":15,"column":21},"end":{"line":15,"column":50}},"line":15},"5":{"name":"resetInactivityTimer","decl":{"start":{"line":21,"column":11},"end":{"line":21,"column":31}},"loc":{"start":{"line":21,"column":34},"end":{"line":30,"column":3}},"line":21},"6":{"name":"(anonymous_6)","decl":{"start":{"line":26,"column":33},"end":{"line":26,"column":34}},"loc":{"start":{"line":26,"column":39},"end":{"line":29,"column":5}},"line":26},"7":{"name":"setSession","decl":{"start":{"line":32,"column":11},"end":{"line":32,"column":21}},"loc":{"start":{"line":32,"column":36},"end":{"line":41,"column":3}},"line":32},"8":{"name":"clearSession","decl":{"start":{"line":43,"column":11},"end":{"line":43,"column":23}},"loc":{"start":{"line":43,"column":26},"end":{"line":55,"column":3}},"line":43},"9":{"name":"login","decl":{"start":{"line":57,"column":17},"end":{"line":57,"column":22}},"loc":{"start":{"line":57,"column":36},"end":{"line":61,"column":3}},"line":57},"10":{"name":"register","decl":{"start":{"line":63,"column":17},"end":{"line":63,"column":25}},"loc":{"start":{"line":63,"column":36},"end":{"line":67,"column":3}},"line":63},"11":{"name":"logout","decl":{"start":{"line":69,"column":17},"end":{"line":69,"column":23}},"loc":{"start":{"line":69,"column":26},"end":{"line":76,"column":3}},"line":69},"12":{"name":"fetchMe","decl":{"start":{"line":78,"column":17},"end":{"line":78,"column":24}},"loc":{"start":{"line":78,"column":27},"end":{"line":85,"column":3}},"line":78}},"branchMap":{"0":{"loc":{"start":{"line":6,"column":19},"end":{"line":6,"column":80}},"type":"binary-expr","locations":[{"start":{"line":6,"column":19},"end":{"line":6,"column":72}},{"start":{"line":6,"column":76},"end":{"line":6,"column":80}}],"line":6},"1":{"loc":{"start":{"line":7,"column":20},"end":{"line":7,"column":70}},"type":"binary-expr","locations":[{"start":{"line":7,"column":20},"end":{"line":7,"column":62}},{"start":{"line":7,"column":66},"end":{"line":7,"column":70}}],"line":7},"2":{"loc":{"start":{"line":8,"column":26},"end":{"line":8,"column":92}},"type":"binary-expr","locations":[{"start":{"line":8,"column":26},"end":{"line":8,"column":86}},{"start":{"line":8,"column":90},"end":{"line":8,"column":92}}],"line":8},"3":{"loc":{"start":{"line":22,"column":4},"end":{"line":22,"column":38}},"type":"if","locations":[{"start":{"line":22,"column":4},"end":{"line":22,"column":38}},{"start":{},"end":{}}],"line":22},"4":{"loc":{"start":{"line":24,"column":4},"end":{"line":24,"column":54}},"type":"if","locations":[{"start":{"line":24,"column":4},"end":{"line":24,"column":54}},{"start":{},"end":{}}],"line":24},"5":{"loc":{"start":{"line":32,"column":28},"end":{"line":32,"column":34}},"type":"default-arg","locations":[{"start":{"line":32,"column":32},"end":{"line":32,"column":34}}],"line":32},"6":{"loc":{"start":{"line":51,"column":4},"end":{"line":54,"column":5}},"type":"if","locations":[{"start":{"line":51,"column":4},"end":{"line":54,"column":5}},{"start":{},"end":{}}],"line":51},"7":{"loc":{"start":{"line":59,"column":38},"end":{"line":59,"column":65}},"type":"binary-expr","locations":[{"start":{"line":59,"column":38},"end":{"line":59,"column":59}},{"start":{"line":59,"column":63},"end":{"line":59,"column":65}}],"line":59},"8":{"loc":{"start":{"line":65,"column":38},"end":{"line":65,"column":65}},"type":"binary-expr","locations":[{"start":{"line":65,"column":38},"end":{"line":65,"column":59}},{"start":{"line":65,"column":63},"end":{"line":65,"column":65}}],"line":65},"9":{"loc":{"start":{"line":81,"column":36},"end":{"line":81,"column":58}},"type":"binary-expr","locations":[{"start":{"line":81,"column":36},"end":{"line":81,"column":52}},{"start":{"line":81,"column":56},"end":{"line":81,"column":58}}],"line":81},"10":{"loc":{"start":{"line":88,"column":2},"end":{"line":90,"column":3}},"type":"if","locations":[{"start":{"line":88,"column":2},"end":{"line":90,"column":3}},{"start":{},"end":{}}],"line":88}},"s":{"0":5,"1":36,"2":36,"3":36,"4":36,"5":42,"6":36,"7":1,"8":36,"9":0,"10":36,"11":2,"12":36,"13":36,"14":4,"15":0,"16":4,"17":1,"18":4,"19":0,"20":0,"21":3,"22":3,"23":3,"24":3,"25":3,"26":3,"27":3,"28":2,"29":2,"30":2,"31":2,"32":2,"33":2,"34":2,"35":2,"36":2,"37":1,"38":1,"39":1,"40":0,"41":0,"42":0,"43":1,"44":1,"45":1,"46":0,"47":0,"48":0,"49":0,"50":36,"51":1,"52":36},"f":{"0":36,"1":42,"2":1,"3":0,"4":2,"5":4,"6":0,"7":3,"8":2,"9":1,"10":0,"11":1,"12":0},"b":{"0":[36,35],"1":[36,35],"2":[36,35],"3":[0,4],"4":[1,3],"5":[3],"6":[2,0],"7":[1,1],"8":[0,0],"9":[0,0],"10":[1,35]},"meta":{"lastBranch":11,"lastFunction":13,"lastStatement":53,"seen":{"s:5:27:98:2":0,"f:5:48:5:49":0,"s:6:14:6:81":1,"b:6:19:6:72:6:76:6:80":0,"s:7:15:7:71":2,"b:7:20:7:62:7:66:7:70":1,"s:8:21:8:93":3,"b:8:26:8:86:8:90:8:92":2,"s:10:25:10:55":4,"f:10:35:10:36":1,"s:10:41:10:54":5,"s:11:17:11:68":6,"f:11:27:11:28":2,"s:11:33:11:67":7,"s:12:18:12:70":8,"f:12:28:12:29":3,"s:12:34:12:69":9,"s:15:14:15:50":10,"f:15:14:15:15":4,"s:15:21:15:50":11,"s:18:29:18:43":12,"s:19:24:19:28":13,"f:21:11:21:31":5,"b:22:4:22:38:undefined:undefined:undefined:undefined":3,"s:22:4:22:38":14,"s:22:32:22:38":15,"b:24:4:24:54:undefined:undefined:undefined:undefined":4,"s:24:4:24:54":16,"s:24:25:24:54":17,"s:26:4:29:26":18,"f:26:33:26:34":6,"s:27:6:27:52":19,"s:28:6:28:14":20,"f:32:11:32:21":7,"b:32:32:32:34":5,"s:33:4:33:18":21,"s:34:4:34:19":22,"s:35:4:35:25":23,"s:36:4:36:64":24,"s:37:4:37:49":25,"s:38:4:38:71":26,"s:40:4:40:26":27,"f:43:11:43:23":8,"s:44:4:44:21":28,"s:45:4:45:22":29,"s:46:4:46:26":30,"s:47:4:47:48":31,"s:48:4:48:49":32,"s:49:4:49:55":33,"b:51:4:54:5:undefined:undefined:undefined:undefined":6,"s:51:4:54:5":34,"s:52:6:52:35":35,"s:53:6:53:28":36,"f:57:17:57:22":9,"s:58:21:58:57":37,"s:59:4:59:66":38,"b:59:38:59:59:59:63:59:65":7,"s:60:4:60:20":39,"f:63:17:63:25":10,"s:64:21:64:57":40,"s:65:4:65:66":41,"b:65:38:65:59:65:63:65:65":8,"s:66:4:66:20":42,"f:69:17:69:23":11,"s:70:4:75:5":43,"s:72:6:72:26":44,"s:74:6:74:20":45,"f:78:17:78:24":12,"s:79:4:84:5":46,"s:80:23:80:45":47,"s:81:6:81:59":48,"b:81:36:81:52:81:56:81:58":9,"s:83:6:83:20":49,"b:88:2:90:3:undefined:undefined:undefined:undefined":10,"s:88:2:90:3":50,"s:89:4:89:26":51,"s:92:2:97:3":52}}}
,"C:\\Users\\User\\Desktop\\Sistema Biblioteca\\client\\src\\views\\LoginView.vue": {"path":"C:\\Users\\User\\Desktop\\Sistema Biblioteca\\client\\src\\views\\LoginView.vue","statementMap":{"0":{"start":{"line":107,"column":14},"end":{"line":107,"column":null}},"1":{"start":{"line":108,"column":14},"end":{"line":108,"column":null}},"2":{"start":{"line":109,"column":14},"end":{"line":109,"column":null}},"3":{"start":{"line":111,"column":12},"end":{"line":111,"column":null}},"4":{"start":{"line":112,"column":14},"end":{"line":112,"column":null}},"5":{"start":{"line":113,"column":19},"end":{"line":113,"column":null}},"6":{"start":{"line":114,"column":19},"end":{"line":114,"column":null}},"7":{"start":{"line":115,"column":20},"end":{"line":115,"column":null}},"8":{"start":{"line":116,"column":27},"end":{"line":116,"column":null}},"9":{"start":{"line":117,"column":13},"end":{"line":117,"column":null}},"10":{"start":{"line":120,"column":2},"end":{"line":120,"column":null}},"11":{"start":{"line":121,"column":2},"end":{"line":121,"column":null}},"12":{"start":{"line":122,"column":2},"end":{"line":122,"column":null}},"13":{"start":{"line":124,"column":2},"end":{"line":124,"column":null}},"14":{"start":{"line":124,"column":24},"end":{"line":124,"column":68}},"15":{"start":{"line":124,"column":69},"end":{"line":124,"column":75}},"16":{"start":{"line":125,"column":2},"end":{"line":125,"column":null}},"17":{"start":{"line":125,"column":24},"end":{"line":125,"column":72}},"18":{"start":{"line":125,"column":73},"end":{"line":125,"column":79}},"19":{"start":{"line":127,"column":2},"end":{"line":127,"column":null}},"20":{"start":{"line":128,"column":2},"end":{"line":136,"column":null}},"21":{"start":{"line":129,"column":4},"end":{"line":129,"column":null}},"22":{"start":{"line":130,"column":21},"end":{"line":130,"column":null}},"23":{"start":{"line":131,"column":4},"end":{"line":131,"column":null}},"24":{"start":{"line":133,"column":4},"end":{"line":133,"column":null}},"25":{"start":{"line":135,"column":4},"end":{"line":135,"column":null}},"26":{"start":{"line":2,"column":7},"end":{"line":2,"column":null}},"27":{"start":{"line":14,"column":9},"end":{"line":14,"column":null}},"28":{"start":{"line":15,"column":11},"end":{"line":15,"column":null}},"29":{"start":{"line":22,"column":15},"end":{"line":22,"column":null}},"30":{"start":{"line":24,"column":17},"end":{"line":24,"column":null}},"31":{"start":{"line":25,"column":20},"end":{"line":25,"column":39}},"32":{"start":{"line":40,"column":15},"end":{"line":40,"column":null}},"33":{"start":{"line":42,"column":17},"end":{"line":42,"column":null}},"34":{"start":{"line":43,"column":20},"end":{"line":43,"column":39}},"35":{"start":{"line":84,"column":13},"end":{"line":84,"column":39}},"36":{"start":{"line":90,"column":9},"end":{"line":90,"column":35}},"37":{"start":{"line":2,"column":2},"end":{"line":96,"column":null}},"38":{"start":{"line":28,"column":25},"end":{"line":28,"column":null}},"39":{"start":{"line":46,"column":25},"end":{"line":46,"column":null}},"40":{"start":{"line":57,"column":24},"end":{"line":57,"column":52}},"41":{"start":{"line":86,"column":26},"end":{"line":86,"column":54}},"42":{"start":{"line":96,"column":14},"end":{"line":96,"column":null}}},"fnMap":{"0":{"name":"handleLogin","decl":{"start":{"line":119,"column":15},"end":{"line":119,"column":26}},"loc":{"start":{"line":119,"column":29},"end":{"line":137,"column":null}},"line":119},"1":{"name":"(anonymous_1)","decl":{"start":{"line":28,"column":25},"end":{"line":28,"column":29}},"loc":{"start":{"line":28,"column":25},"end":{"line":28,"column":null}},"line":28},"2":{"name":"(anonymous_2)","decl":{"start":{"line":46,"column":25},"end":{"line":46,"column":29}},"loc":{"start":{"line":46,"column":25},"end":{"line":46,"column":null}},"line":46},"3":{"name":"(anonymous_3)","decl":{"start":{"line":57,"column":22},"end":{"line":57,"column":24}},"loc":{"start":{"line":57,"column":24},"end":{"line":57,"column":52}},"line":57},"4":{"name":"(anonymous_4)","decl":{"start":{"line":86,"column":24},"end":{"line":86,"column":26}},"loc":{"start":{"line":86,"column":26},"end":{"line":86,"column":54}},"line":86},"5":{"name":"(anonymous_5)","decl":{"start":{"line":96,"column":12},"end":{"line":96,"column":14}},"loc":{"start":{"line":96,"column":14},"end":{"line":96,"column":null}},"line":96}},"branchMap":{"0":{"loc":{"start":{"line":124,"column":2},"end":{"line":124,"column":null}},"type":"if","locations":[{"start":{"line":124,"column":2},"end":{"line":124,"column":null}},{"start":{},"end":{}}],"line":124},"1":{"loc":{"start":{"line":125,"column":2},"end":{"line":125,"column":null}},"type":"if","locations":[{"start":{"line":125,"column":2},"end":{"line":125,"column":null}},{"start":{},"end":{}}],"line":125},"2":{"loc":{"start":{"line":130,"column":21},"end":{"line":130,"column":null}},"type":"binary-expr","locations":[{"start":{"line":130,"column":21},"end":{"line":130,"column":41}},{"start":{"line":130,"column":45},"end":{"line":130,"column":null}}],"line":130},"3":{"loc":{"start":{"line":133,"column":24},"end":{"line":133,"column":null}},"type":"binary-expr","locations":[{"start":{"line":133,"column":24},"end":{"line":133,"column":51}},{"start":{"line":133,"column":55},"end":{"line":133,"column":null}}],"line":133},"4":{"loc":{"start":{"line":16,"column":8},"end":{"line":18,"column":56}},"type":"binary-expr","locations":[{"start":{"line":16,"column":8},"end":{"line":16,"column":13}},{"start":{"line":16,"column":8},"end":{"line":18,"column":56}}],"line":16},"5":{"loc":{"start":{"line":23,"column":12},"end":{"line":23,"column":76}},"type":"binary-expr","locations":[{"start":{"line":23,"column":12},"end":{"line":23,"column":19}},{"start":{"line":23,"column":12},"end":{"line":23,"column":76}}],"line":23},"6":{"loc":{"start":{"line":28,"column":25},"end":{"line":28,"column":null}},"type":"binary-expr","locations":[{"start":{"line":28,"column":25},"end":{"line":28,"column":29}},{"start":{"line":28,"column":25},"end":{"line":28,"column":null}}],"line":28},"7":{"loc":{"start":{"line":37,"column":24},"end":{"line":37,"column":82}},"type":"cond-expr","locations":[{"start":{"line":37,"column":12},"end":{"line":37,"column":82}}],"line":37},"8":{"loc":{"start":{"line":41,"column":12},"end":{"line":41,"column":71}},"type":"binary-expr","locations":[{"start":{"line":41,"column":12},"end":{"line":41,"column":19}},{"start":{"line":41,"column":12},"end":{"line":41,"column":71}}],"line":41},"9":{"loc":{"start":{"line":46,"column":25},"end":{"line":46,"column":null}},"type":"binary-expr","locations":[{"start":{"line":46,"column":25},"end":{"line":46,"column":29}},{"start":{"line":46,"column":25},"end":{"line":46,"column":null}}],"line":46},"10":{"loc":{"start":{"line":47,"column":23},"end":{"line":47,"column":null}},"type":"cond-expr","locations":[{"start":{"line":47,"column":35},"end":{"line":47,"column":null}},{"start":{"line":47,"column":35},"end":{"line":47,"column":null}}],"line":47},"11":{"loc":{"start":{"line":57,"column":22},"end":{"line":57,"column":null}},"type":"binary-expr","locations":[{"start":{"line":57,"column":22},"end":{"line":57,"column":24}},{"start":{"line":57,"column":22},"end":{"line":57,"column":null}}],"line":57},"12":{"loc":{"start":{"line":59,"column":42},"end":{"line":59,"column":80}},"type":"cond-expr","locations":[{"start":{"line":59,"column":54},"end":{"line":59,"column":80}},{"start":{"line":59,"column":54},"end":{"line":59,"column":80}}],"line":59},"13":{"loc":{"start":{"line":62,"column":24},"end":{"line":62,"column":88}},"type":"cond-expr","locations":[{"start":{"line":62,"column":12},"end":{"line":62,"column":88}}],"line":62},"14":{"loc":{"start":{"line":65,"column":21},"end":{"line":66,"column":null}},"type":"cond-expr","locations":[{"start":{"line":65,"column":10},"end":{"line":66,"column":null}}],"line":65},"15":{"loc":{"start":{"line":75,"column":24},"end":{"line":76,"column":51}},"type":"cond-expr","locations":[{"start":{"line":75,"column":12},"end":{"line":75,"column":null}},{"start":{"line":76,"column":12},"end":{"line":76,"column":51}}],"line":75},"16":{"loc":{"start":{"line":79,"column":10},"end":{"line":81,"column":16}},"type":"binary-expr","locations":[{"start":{"line":79,"column":10},"end":{"line":79,"column":15}},{"start":{"line":79,"column":10},"end":{"line":81,"column":16}}],"line":79},"17":{"loc":{"start":{"line":84,"column":39},"end":{"line":86,"column":19}},"type":"binary-expr","locations":[{"start":{"line":84,"column":39},"end":{"line":84,"column":null}},{"start":{"line":84,"column":39},"end":{"line":86,"column":19}}],"line":84},"18":{"loc":{"start":{"line":86,"column":24},"end":{"line":86,"column":54}},"type":"binary-expr","locations":[{"start":{"line":86,"column":24},"end":{"line":86,"column":26}},{"start":{"line":86,"column":24},"end":{"line":86,"column":54}}],"line":86},"19":{"loc":{"start":{"line":96,"column":12},"end":{"line":96,"column":null}},"type":"binary-expr","locations":[{"start":{"line":96,"column":12},"end":{"line":96,"column":14}},{"start":{"line":96,"column":12},"end":{"line":96,"column":null}}],"line":96}},"s":{"0":4,"1":4,"2":4,"3":4,"4":4,"5":4,"6":4,"7":4,"8":4,"9":4,"10":2,"11":2,"12":2,"13":2,"14":0,"15":0,"16":2,"17":0,"18":0,"19":2,"20":2,"21":2,"22":1,"23":2,"24":1,"25":2,"26":1,"27":1,"28":1,"29":1,"30":1,"31":1,"32":1,"33":1,"34":1,"35":1,"36":1,"37":14,"38":2,"39":2,"40":2,"41":0,"42":0},"f":{"0":2,"1":2,"2":2,"3":2,"4":0,"5":0},"b":{"0":[0,2],"1":[0,2],"2":[1,1],"3":[1,0],"4":[14,4],"5":[14,4],"6":[14,4],"7":[0],"8":[14,4],"9":[14,4],"10":[1,13],"11":[14,4],"12":[1,13],"13":[0],"14":[1],"15":[2,12],"16":[14,4],"17":[14,4],"18":[14,4],"19":[14,4]},"meta":{"lastBranch":0,"lastFunction":0,"lastStatement":0,"seen":{}}}
}
